---------------------------------------------------------------
[ 2017-10-13T09:43:58+08:00 ] ::1 ::1 GET /php/project/lezhu/public/
[ error ] [1]Call to undefined method app\index\controller\Index::fetch()
---------------------------------------------------------------
[ 2017-10-13T16:53:07+08:00 ] ::1 ::1 GET /php/project/lezhu/public/
[ info ] localhost/php/project/lezhu/public/ [运行时间：0.127008s][吞吐率：7.87req/s] [内存消耗：3,017.97kb] [文件加载：45]
[ info ] [ LANG ] D:\wamp64\www\php\project\lezhu\thinkphp\lang\zh-cn.php
[ info ] [ ROUTE ] array (
  'type' => 'module',
  'module' => 
  array (
    0 => '',
    1 => NULL,
    2 => NULL,
  ),
)
[ info ] [ HEADER ] array (
  'host' => 'localhost',
  'connection' => 'keep-alive',
  'cache-control' => 'max-age=0',
  'upgrade-insecure-requests' => '1',
  'user-agent' => 'Mozilla/5.0 (Windows NT 6.1; WOW64) AppleWebKit/537.36 (KHTML, like Gecko) Chrome/58.0.3029.81 Safari/537.36',
  'accept' => 'text/html,application/xhtml+xml,application/xml;q=0.9,image/webp,*/*;q=0.8',
  'accept-encoding' => 'gzip, deflate, sdch, br',
  'accept-language' => 'zh-CN,zh;q=0.8',
  'cookie' => 'pgv_pvi=2875119616; pgv_si=s1894530048',
)
[ info ] [ PARAM ] array (
)
[ info ] [ RUN ] app\index\controller\Index->index[ D:\wamp64\www\php\project\lezhu\application\index\controller\Index.php ]
[ info ] [ VIEW ] D:\wamp64\www\php\project\lezhu\public/../application/index\view\index\index.html [ array (
) ]
[ info ] [ LOG ] INIT File
---------------------------------------------------------------
[ 2017-10-13T16:53:07+08:00 ] ::1 ::1 GET /php/project/lezhu/public/static/js/maps/swiper.min.js.map
[ info ] localhost/php/project/lezhu/public/static/js/maps/swiper.min.js.map [运行时间：0.136008s][吞吐率：7.35req/s] [内存消耗：2,566.74kb] [文件加载：40]
[ info ] [ LANG ] D:\wamp64\www\php\project\lezhu\thinkphp\lang\zh-cn.php
[ info ] [ ROUTE ] array (
  'type' => 'module',
  'module' => 
  array (
    0 => 'static',
    1 => 'js',
    2 => 'maps',
  ),
)
[ info ] [ HEADER ] array (
  'host' => 'localhost',
  'connection' => 'keep-alive',
  'user-agent' => 'Mozilla/5.0 (Windows NT 6.1; WOW64) AppleWebKit/537.36 (KHTML, like Gecko) Chrome/58.0.3029.81 Safari/537.36',
  'accept-encoding' => 'gzip, deflate, sdch, br',
  'accept-language' => 'zh-CN,zh;q=0.8',
  'cookie' => 'pgv_pvi=2875119616; pgv_si=s1894530048',
)
[ info ] [ PARAM ] array (
)
[ info ] [ LOG ] INIT File
---------------------------------------------------------------
[ 2017-10-13T16:53:07+08:00 ] ::1 ::1 GET /php/project/lezhu/public/static/css/__STATICPATH__/static/images/nav_foot/bg-footer.jpg
[ info ] localhost/php/project/lezhu/public/static/css/__STATICPATH__/static/images/nav_foot/bg-footer.jpg [运行时间：0.029002s][吞吐率：34.48req/s] [内存消耗：2,568.46kb] [文件加载：40]
[ info ] [ LANG ] D:\wamp64\www\php\project\lezhu\thinkphp\lang\zh-cn.php
[ info ] [ ROUTE ] array (
  'type' => 'module',
  'module' => 
  array (
    0 => 'static',
    1 => 'css',
    2 => '__STATICPATH__',
  ),
)
[ info ] [ HEADER ] array (
  'host' => 'localhost',
  'connection' => 'keep-alive',
  'user-agent' => 'Mozilla/5.0 (Windows NT 6.1; WOW64) AppleWebKit/537.36 (KHTML, like Gecko) Chrome/58.0.3029.81 Safari/537.36',
  'accept' => 'image/webp,image/*,*/*;q=0.8',
  'referer' => 'http://localhost/php/project/lezhu/public/static/css/head.css',
  'accept-encoding' => 'gzip, deflate, sdch, br',
  'accept-language' => 'zh-CN,zh;q=0.8',
  'cookie' => 'pgv_pvi=2875119616; pgv_si=s1894530048',
)
[ info ] [ PARAM ] array (
  'static' => 'images',
  'nav_foot' => 'bg-footer.jpg',
)
[ info ] [ LOG ] INIT File
---------------------------------------------------------------
[ 2017-10-13T16:53:46+08:00 ] ::1 ::1 GET /php/project/lezhu/public/
[ info ] localhost/php/project/lezhu/public/ [运行时间：0.031002s][吞吐率：32.26req/s] [内存消耗：3,017.97kb] [文件加载：45]
[ info ] [ LANG ] D:\wamp64\www\php\project\lezhu\thinkphp\lang\zh-cn.php
[ info ] [ ROUTE ] array (
  'type' => 'module',
  'module' => 
  array (
    0 => '',
    1 => NULL,
    2 => NULL,
  ),
)
[ info ] [ HEADER ] array (
  'host' => 'localhost',
  'connection' => 'keep-alive',
  'cache-control' => 'max-age=0',
  'upgrade-insecure-requests' => '1',
  'user-agent' => 'Mozilla/5.0 (Windows NT 6.1; WOW64) AppleWebKit/537.36 (KHTML, like Gecko) Chrome/58.0.3029.81 Safari/537.36',
  'accept' => 'text/html,application/xhtml+xml,application/xml;q=0.9,image/webp,*/*;q=0.8',
  'accept-encoding' => 'gzip, deflate, sdch, br',
  'accept-language' => 'zh-CN,zh;q=0.8',
  'cookie' => 'pgv_pvi=2875119616; pgv_si=s1894530048',
)
[ info ] [ PARAM ] array (
)
[ info ] [ RUN ] app\index\controller\Index->index[ D:\wamp64\www\php\project\lezhu\application\index\controller\Index.php ]
[ info ] [ VIEW ] D:\wamp64\www\php\project\lezhu\public/../application/index\view\index\index.html [ array (
) ]
[ info ] [ LOG ] INIT File
---------------------------------------------------------------
[ 2017-10-13T16:53:46+08:00 ] ::1 ::1 GET /php/project/lezhu/public/static/js/maps/swiper.min.js.map
[ info ] localhost/php/project/lezhu/public/static/js/maps/swiper.min.js.map [运行时间：0.028002s][吞吐率：35.71req/s] [内存消耗：2,566.74kb] [文件加载：40]
[ info ] [ LANG ] D:\wamp64\www\php\project\lezhu\thinkphp\lang\zh-cn.php
[ info ] [ ROUTE ] array (
  'type' => 'module',
  'module' => 
  array (
    0 => 'static',
    1 => 'js',
    2 => 'maps',
  ),
)
[ info ] [ HEADER ] array (
  'host' => 'localhost',
  'connection' => 'keep-alive',
  'user-agent' => 'Mozilla/5.0 (Windows NT 6.1; WOW64) AppleWebKit/537.36 (KHTML, like Gecko) Chrome/58.0.3029.81 Safari/537.36',
  'accept-encoding' => 'gzip, deflate, sdch, br',
  'accept-language' => 'zh-CN,zh;q=0.8',
  'cookie' => 'pgv_pvi=2875119616; pgv_si=s1894530048',
)
[ info ] [ PARAM ] array (
)
[ info ] [ LOG ] INIT File
---------------------------------------------------------------
[ 2017-10-13T16:56:01+08:00 ] ::1 ::1 GET /php/project/lezhu/public/index/connectus/index
[ info ] localhost/php/project/lezhu/public/index/connectus/index [运行时间：0.045002s][吞吐率：22.22req/s] [内存消耗：3,250.61kb] [文件加载：47]
[ info ] [ LANG ] D:\wamp64\www\php\project\lezhu\thinkphp\lang\zh-cn.php
[ info ] [ ROUTE ] array (
  'type' => 'module',
  'module' => 
  array (
    0 => 'index',
    1 => 'connectus',
    2 => 'index',
  ),
)
[ info ] [ HEADER ] array (
  'host' => 'localhost',
  'connection' => 'keep-alive',
  'cache-control' => 'max-age=0',
  'upgrade-insecure-requests' => '1',
  'user-agent' => 'Mozilla/5.0 (Windows NT 6.1; WOW64) AppleWebKit/537.36 (KHTML, like Gecko) Chrome/58.0.3029.81 Safari/537.36',
  'accept' => 'text/html,application/xhtml+xml,application/xml;q=0.9,image/webp,*/*;q=0.8',
  'accept-encoding' => 'gzip, deflate, sdch, br',
  'accept-language' => 'zh-CN,zh;q=0.8',
  'cookie' => 'pgv_pvi=2875119616; pgv_si=s1894530048',
)
[ info ] [ PARAM ] array (
)
[ info ] [ RUN ] app\index\controller\Connectus->index[ D:\wamp64\www\php\project\lezhu\application\index\controller\Connectus.php ]
[ info ] [ VIEW ] D:\wamp64\www\php\project\lezhu\public/../application/index\view\connectus\index.html [ array (
) ]
[ info ] [ LOG ] INIT File
---------------------------------------------------------------
[ 2017-10-13T16:56:52+08:00 ] ::1 ::1 GET /php/project/lezhu/public/index/connectus/index
[ info ] localhost/php/project/lezhu/public/index/connectus/index [运行时间：0.086005s][吞吐率：11.63req/s] [内存消耗：3,252.34kb] [文件加载：47]
[ info ] [ LANG ] D:\wamp64\www\php\project\lezhu\thinkphp\lang\zh-cn.php
[ info ] [ ROUTE ] array (
  'type' => 'module',
  'module' => 
  array (
    0 => 'index',
    1 => 'connectus',
    2 => 'index',
  ),
)
[ info ] [ HEADER ] array (
  'host' => 'localhost',
  'connection' => 'keep-alive',
  'cache-control' => 'max-age=0',
  'upgrade-insecure-requests' => '1',
  'user-agent' => 'Mozilla/5.0 (Windows NT 6.1; WOW64) AppleWebKit/537.36 (KHTML, like Gecko) Chrome/58.0.3029.81 Safari/537.36',
  'accept' => 'text/html,application/xhtml+xml,application/xml;q=0.9,image/webp,*/*;q=0.8',
  'accept-encoding' => 'gzip, deflate, sdch, br',
  'accept-language' => 'zh-CN,zh;q=0.8',
  'cookie' => 'pgv_pvi=2875119616; pgv_si=s1894530048',
)
[ info ] [ PARAM ] array (
)
[ info ] [ RUN ] app\index\controller\Connectus->index[ D:\wamp64\www\php\project\lezhu\application\index\controller\Connectus.php ]
[ info ] [ VIEW ] D:\wamp64\www\php\project\lezhu\public/../application/index\view\connectus\index.html [ array (
) ]
[ info ] [ LOG ] INIT File
---------------------------------------------------------------
[ 2017-10-13T16:57:53+08:00 ] ::1 ::1 GET /php/project/lezhu/public/index/connectus/index
[ info ] localhost/php/project/lezhu/public/index/connectus/index [运行时间：0.044002s][吞吐率：22.73req/s] [内存消耗：2,994.37kb] [文件加载：45]
[ info ] [ LANG ] D:\wamp64\www\php\project\lezhu\thinkphp\lang\zh-cn.php
[ info ] [ ROUTE ] array (
  'type' => 'module',
  'module' => 
  array (
    0 => 'index',
    1 => 'connectus',
    2 => 'index',
  ),
)
[ info ] [ HEADER ] array (
  'host' => 'localhost',
  'connection' => 'keep-alive',
  'cache-control' => 'max-age=0',
  'upgrade-insecure-requests' => '1',
  'user-agent' => 'Mozilla/5.0 (Windows NT 6.1; WOW64) AppleWebKit/537.36 (KHTML, like Gecko) Chrome/58.0.3029.81 Safari/537.36',
  'accept' => 'text/html,application/xhtml+xml,application/xml;q=0.9,image/webp,*/*;q=0.8',
  'accept-encoding' => 'gzip, deflate, sdch, br',
  'accept-language' => 'zh-CN,zh;q=0.8',
  'cookie' => 'pgv_pvi=2875119616; pgv_si=s1894530048',
)
[ info ] [ PARAM ] array (
)
[ info ] [ RUN ] app\index\controller\Connectus->index[ D:\wamp64\www\php\project\lezhu\application\index\controller\Connectus.php ]
[ info ] [ VIEW ] D:\wamp64\www\php\project\lezhu\public/../application/index\view\connectus\index.html [ array (
) ]
[ info ] [ LOG ] INIT File
---------------------------------------------------------------
[ 2017-10-13T16:58:03+08:00 ] ::1 ::1 GET /php/project/lezhu/public/
[ info ] localhost/php/project/lezhu/public/ [运行时间：0.051003s][吞吐率：19.61req/s] [内存消耗：3,017.97kb] [文件加载：45]
[ info ] [ LANG ] D:\wamp64\www\php\project\lezhu\thinkphp\lang\zh-cn.php
[ info ] [ ROUTE ] array (
  'type' => 'module',
  'module' => 
  array (
    0 => '',
    1 => NULL,
    2 => NULL,
  ),
)
[ info ] [ HEADER ] array (
  'host' => 'localhost',
  'connection' => 'keep-alive',
  'cache-control' => 'max-age=0',
  'upgrade-insecure-requests' => '1',
  'user-agent' => 'Mozilla/5.0 (Windows NT 6.1; WOW64) AppleWebKit/537.36 (KHTML, like Gecko) Chrome/58.0.3029.81 Safari/537.36',
  'accept' => 'text/html,application/xhtml+xml,application/xml;q=0.9,image/webp,*/*;q=0.8',
  'accept-encoding' => 'gzip, deflate, sdch, br',
  'accept-language' => 'zh-CN,zh;q=0.8',
  'cookie' => 'pgv_pvi=2875119616; pgv_si=s1894530048',
)
[ info ] [ PARAM ] array (
)
[ info ] [ RUN ] app\index\controller\Index->index[ D:\wamp64\www\php\project\lezhu\application\index\controller\Index.php ]
[ info ] [ VIEW ] D:\wamp64\www\php\project\lezhu\public/../application/index\view\index\index.html [ array (
) ]
[ info ] [ LOG ] INIT File
---------------------------------------------------------------
[ 2017-10-13T16:58:03+08:00 ] ::1 ::1 GET /php/project/lezhu/public/static/js/maps/swiper.min.js.map
[ info ] localhost/php/project/lezhu/public/static/js/maps/swiper.min.js.map [运行时间：0.029002s][吞吐率：34.48req/s] [内存消耗：2,566.74kb] [文件加载：40]
[ info ] [ LANG ] D:\wamp64\www\php\project\lezhu\thinkphp\lang\zh-cn.php
[ info ] [ ROUTE ] array (
  'type' => 'module',
  'module' => 
  array (
    0 => 'static',
    1 => 'js',
    2 => 'maps',
  ),
)
[ info ] [ HEADER ] array (
  'host' => 'localhost',
  'connection' => 'keep-alive',
  'user-agent' => 'Mozilla/5.0 (Windows NT 6.1; WOW64) AppleWebKit/537.36 (KHTML, like Gecko) Chrome/58.0.3029.81 Safari/537.36',
  'accept-encoding' => 'gzip, deflate, sdch, br',
  'accept-language' => 'zh-CN,zh;q=0.8',
  'cookie' => 'pgv_pvi=2875119616; pgv_si=s1894530048',
)
[ info ] [ PARAM ] array (
)
[ info ] [ LOG ] INIT File
---------------------------------------------------------------
[ 2017-10-13T16:59:05+08:00 ] ::1 ::1 GET /php/project/lezhu/public/index/connectus/index
[ info ] localhost/php/project/lezhu/public/index/connectus/index [运行时间：0.043003s][吞吐率：23.25req/s] [内存消耗：3,252.64kb] [文件加载：47]
[ info ] [ LANG ] D:\wamp64\www\php\project\lezhu\thinkphp\lang\zh-cn.php
[ info ] [ ROUTE ] array (
  'type' => 'module',
  'module' => 
  array (
    0 => 'index',
    1 => 'connectus',
    2 => 'index',
  ),
)
[ info ] [ HEADER ] array (
  'host' => 'localhost',
  'connection' => 'keep-alive',
  'cache-control' => 'max-age=0',
  'upgrade-insecure-requests' => '1',
  'user-agent' => 'Mozilla/5.0 (Windows NT 6.1; WOW64) AppleWebKit/537.36 (KHTML, like Gecko) Chrome/58.0.3029.81 Safari/537.36',
  'accept' => 'text/html,application/xhtml+xml,application/xml;q=0.9,image/webp,*/*;q=0.8',
  'accept-encoding' => 'gzip, deflate, sdch, br',
  'accept-language' => 'zh-CN,zh;q=0.8',
  'cookie' => 'pgv_pvi=2875119616; pgv_si=s1894530048',
)
[ info ] [ PARAM ] array (
)
[ info ] [ RUN ] app\index\controller\Connectus->index[ D:\wamp64\www\php\project\lezhu\application\index\controller\Connectus.php ]
[ info ] [ VIEW ] D:\wamp64\www\php\project\lezhu\public/../application/index\view\connectus\index.html [ array (
) ]
[ info ] [ LOG ] INIT File
---------------------------------------------------------------
[ 2017-10-13T17:00:30+08:00 ] ::1 ::1 GET /php/project/lezhu/public/index/connectus/index
[ info ] localhost/php/project/lezhu/public/index/connectus/index [运行时间：0.035002s][吞吐率：28.57req/s] [内存消耗：3,252.71kb] [文件加载：47]
[ info ] [ LANG ] D:\wamp64\www\php\project\lezhu\thinkphp\lang\zh-cn.php
[ info ] [ ROUTE ] array (
  'type' => 'module',
  'module' => 
  array (
    0 => 'index',
    1 => 'connectus',
    2 => 'index',
  ),
)
[ info ] [ HEADER ] array (
  'host' => 'localhost',
  'connection' => 'keep-alive',
  'cache-control' => 'max-age=0',
  'upgrade-insecure-requests' => '1',
  'user-agent' => 'Mozilla/5.0 (Windows NT 6.1; WOW64) AppleWebKit/537.36 (KHTML, like Gecko) Chrome/58.0.3029.81 Safari/537.36',
  'accept' => 'text/html,application/xhtml+xml,application/xml;q=0.9,image/webp,*/*;q=0.8',
  'accept-encoding' => 'gzip, deflate, sdch, br',
  'accept-language' => 'zh-CN,zh;q=0.8',
  'cookie' => 'pgv_pvi=2875119616; pgv_si=s1894530048',
)
[ info ] [ PARAM ] array (
)
[ info ] [ RUN ] app\index\controller\Connectus->index[ D:\wamp64\www\php\project\lezhu\application\index\controller\Connectus.php ]
[ info ] [ VIEW ] D:\wamp64\www\php\project\lezhu\public/../application/index\view\connectus\index.html [ array (
) ]
[ info ] [ LOG ] INIT File
---------------------------------------------------------------
[ 2017-10-13T17:02:18+08:00 ] ::1 ::1 GET /php/project/lezhu/public/index/connectus/index
[ info ] localhost/php/project/lezhu/public/index/connectus/index [运行时间：0.050002s][吞吐率：20.00req/s] [内存消耗：3,250.31kb] [文件加载：47]
[ info ] [ LANG ] D:\wamp64\www\php\project\lezhu\thinkphp\lang\zh-cn.php
[ info ] [ ROUTE ] array (
  'type' => 'module',
  'module' => 
  array (
    0 => 'index',
    1 => 'connectus',
    2 => 'index',
  ),
)
[ info ] [ HEADER ] array (
  'host' => 'localhost',
  'connection' => 'keep-alive',
  'cache-control' => 'max-age=0',
  'upgrade-insecure-requests' => '1',
  'user-agent' => 'Mozilla/5.0 (Windows NT 6.1; WOW64) AppleWebKit/537.36 (KHTML, like Gecko) Chrome/58.0.3029.81 Safari/537.36',
  'accept' => 'text/html,application/xhtml+xml,application/xml;q=0.9,image/webp,*/*;q=0.8',
  'accept-encoding' => 'gzip, deflate, sdch, br',
  'accept-language' => 'zh-CN,zh;q=0.8',
  'cookie' => 'pgv_pvi=2875119616; pgv_si=s1894530048',
)
[ info ] [ PARAM ] array (
)
[ info ] [ RUN ] app\index\controller\Connectus->index[ D:\wamp64\www\php\project\lezhu\application\index\controller\Connectus.php ]
[ info ] [ VIEW ] D:\wamp64\www\php\project\lezhu\public/../application/index\view\connectus\index.html [ array (
) ]
[ info ] [ LOG ] INIT File
---------------------------------------------------------------
[ 2017-10-13T17:07:22+08:00 ] ::1 ::1 GET /php/project/lezhu/public/index/connectus/index
[ info ] localhost/php/project/lezhu/public/index/connectus/index [运行时间：0.049003s][吞吐率：20.41req/s] [内存消耗：3,250.33kb] [文件加载：47]
[ info ] [ LANG ] D:\wamp64\www\php\project\lezhu\thinkphp\lang\zh-cn.php
[ info ] [ ROUTE ] array (
  'type' => 'module',
  'module' => 
  array (
    0 => 'index',
    1 => 'connectus',
    2 => 'index',
  ),
)
[ info ] [ HEADER ] array (
  'host' => 'localhost',
  'connection' => 'keep-alive',
  'cache-control' => 'max-age=0',
  'upgrade-insecure-requests' => '1',
  'user-agent' => 'Mozilla/5.0 (Windows NT 6.1; WOW64) AppleWebKit/537.36 (KHTML, like Gecko) Chrome/58.0.3029.81 Safari/537.36',
  'accept' => 'text/html,application/xhtml+xml,application/xml;q=0.9,image/webp,*/*;q=0.8',
  'accept-encoding' => 'gzip, deflate, sdch, br',
  'accept-language' => 'zh-CN,zh;q=0.8',
  'cookie' => 'pgv_pvi=2875119616; pgv_si=s1894530048',
)
[ info ] [ PARAM ] array (
)
[ info ] [ RUN ] app\index\controller\Connectus->index[ D:\wamp64\www\php\project\lezhu\application\index\controller\Connectus.php ]
[ info ] [ VIEW ] D:\wamp64\www\php\project\lezhu\public/../application/index\view\connectus\index.html [ array (
) ]
[ info ] [ LOG ] INIT File
---------------------------------------------------------------
[ 2017-10-13T17:07:40+08:00 ] ::1 ::1 GET /php/project/lezhu/public/index/connectus/index
[ info ] localhost/php/project/lezhu/public/index/connectus/index [运行时间：0.034002s][吞吐率：29.41req/s] [内存消耗：3,250.31kb] [文件加载：47]
[ info ] [ LANG ] D:\wamp64\www\php\project\lezhu\thinkphp\lang\zh-cn.php
[ info ] [ ROUTE ] array (
  'type' => 'module',
  'module' => 
  array (
    0 => 'index',
    1 => 'connectus',
    2 => 'index',
  ),
)
[ info ] [ HEADER ] array (
  'host' => 'localhost',
  'connection' => 'keep-alive',
  'cache-control' => 'max-age=0',
  'upgrade-insecure-requests' => '1',
  'user-agent' => 'Mozilla/5.0 (Windows NT 6.1; WOW64) AppleWebKit/537.36 (KHTML, like Gecko) Chrome/58.0.3029.81 Safari/537.36',
  'accept' => 'text/html,application/xhtml+xml,application/xml;q=0.9,image/webp,*/*;q=0.8',
  'accept-encoding' => 'gzip, deflate, sdch, br',
  'accept-language' => 'zh-CN,zh;q=0.8',
  'cookie' => 'pgv_pvi=2875119616; pgv_si=s1894530048',
)
[ info ] [ PARAM ] array (
)
[ info ] [ RUN ] app\index\controller\Connectus->index[ D:\wamp64\www\php\project\lezhu\application\index\controller\Connectus.php ]
[ info ] [ VIEW ] D:\wamp64\www\php\project\lezhu\public/../application/index\view\connectus\index.html [ array (
) ]
[ info ] [ LOG ] INIT File
---------------------------------------------------------------
[ 2017-10-13T17:12:21+08:00 ] ::1 ::1 GET /php/project/lezhu/public/index/getapp/index
[ info ] localhost/php/project/lezhu/public/index/getapp/index [运行时间：0.034002s][吞吐率：29.41req/s] [内存消耗：3,243.65kb] [文件加载：47]
[ info ] [ LANG ] D:\wamp64\www\php\project\lezhu\thinkphp\lang\zh-cn.php
[ info ] [ ROUTE ] array (
  'type' => 'module',
  'module' => 
  array (
    0 => 'index',
    1 => 'getapp',
    2 => 'index',
  ),
)
[ info ] [ HEADER ] array (
  'host' => 'localhost',
  'connection' => 'keep-alive',
  'upgrade-insecure-requests' => '1',
  'user-agent' => 'Mozilla/5.0 (Windows NT 6.1; WOW64) AppleWebKit/537.36 (KHTML, like Gecko) Chrome/58.0.3029.81 Safari/537.36',
  'accept' => 'text/html,application/xhtml+xml,application/xml;q=0.9,image/webp,*/*;q=0.8',
  'accept-encoding' => 'gzip, deflate, sdch, br',
  'accept-language' => 'zh-CN,zh;q=0.8',
  'cookie' => 'pgv_pvi=2875119616; pgv_si=s1894530048',
)
[ info ] [ PARAM ] array (
)
[ info ] [ RUN ] app\index\controller\Getapp->index[ D:\wamp64\www\php\project\lezhu\application\index\controller\Getapp.php ]
[ info ] [ VIEW ] D:\wamp64\www\php\project\lezhu\public/../application/index\view\getapp\index.html [ array (
) ]
[ info ] [ LOG ] INIT File
---------------------------------------------------------------
[ 2017-10-13T17:12:21+08:00 ] ::1 ::1 GET /php/project/lezhu/public/static/images/appdl.png
[ info ] localhost/php/project/lezhu/public/static/images/appdl.png [运行时间：0.029002s][吞吐率：34.48req/s] [内存消耗：2,567.34kb] [文件加载：40]
[ info ] [ LANG ] D:\wamp64\www\php\project\lezhu\thinkphp\lang\zh-cn.php
[ info ] [ ROUTE ] array (
  'type' => 'module',
  'module' => 
  array (
    0 => 'static',
    1 => 'images',
    2 => 'appdl.png',
  ),
)
[ info ] [ HEADER ] array (
  'host' => 'localhost',
  'connection' => 'keep-alive',
  'user-agent' => 'Mozilla/5.0 (Windows NT 6.1; WOW64) AppleWebKit/537.36 (KHTML, like Gecko) Chrome/58.0.3029.81 Safari/537.36',
  'accept' => 'image/webp,image/*,*/*;q=0.8',
  'referer' => 'http://localhost/php/project/lezhu/public/index/getapp/index',
  'accept-encoding' => 'gzip, deflate, sdch, br',
  'accept-language' => 'zh-CN,zh;q=0.8',
  'cookie' => 'pgv_pvi=2875119616; pgv_si=s1894530048',
)
[ info ] [ PARAM ] array (
)
[ info ] [ LOG ] INIT File
---------------------------------------------------------------
[ 2017-10-13T17:12:21+08:00 ] ::1 ::1 GET /php/project/lezhu/public/static/images/download1.png
[ info ] localhost/php/project/lezhu/public/static/images/download1.png [运行时间：0.030002s][吞吐率：33.33req/s] [内存消耗：2,567.46kb] [文件加载：40]
[ info ] [ LANG ] D:\wamp64\www\php\project\lezhu\thinkphp\lang\zh-cn.php
[ info ] [ ROUTE ] array (
  'type' => 'module',
  'module' => 
  array (
    0 => 'static',
    1 => 'images',
    2 => 'download1.png',
  ),
)
[ info ] [ HEADER ] array (
  'host' => 'localhost',
  'connection' => 'keep-alive',
  'user-agent' => 'Mozilla/5.0 (Windows NT 6.1; WOW64) AppleWebKit/537.36 (KHTML, like Gecko) Chrome/58.0.3029.81 Safari/537.36',
  'accept' => 'image/webp,image/*,*/*;q=0.8',
  'referer' => 'http://localhost/php/project/lezhu/public/index/getapp/index',
  'accept-encoding' => 'gzip, deflate, sdch, br',
  'accept-language' => 'zh-CN,zh;q=0.8',
  'cookie' => 'pgv_pvi=2875119616; pgv_si=s1894530048',
)
[ info ] [ PARAM ] array (
)
[ info ] [ LOG ] INIT File
---------------------------------------------------------------
[ 2017-10-13T17:12:21+08:00 ] ::1 ::1 GET /php/project/lezhu/public/static/images/android.png
[ info ] localhost/php/project/lezhu/public/static/images/android.png [运行时间：0.029001s][吞吐率：34.48req/s] [内存消耗：2,567.41kb] [文件加载：40]
[ info ] [ LANG ] D:\wamp64\www\php\project\lezhu\thinkphp\lang\zh-cn.php
[ info ] [ ROUTE ] array (
  'type' => 'module',
  'module' => 
  array (
    0 => 'static',
    1 => 'images',
    2 => 'android.png',
  ),
)
[ info ] [ HEADER ] array (
  'host' => 'localhost',
  'connection' => 'keep-alive',
  'user-agent' => 'Mozilla/5.0 (Windows NT 6.1; WOW64) AppleWebKit/537.36 (KHTML, like Gecko) Chrome/58.0.3029.81 Safari/537.36',
  'accept' => 'image/webp,image/*,*/*;q=0.8',
  'referer' => 'http://localhost/php/project/lezhu/public/index/getapp/index',
  'accept-encoding' => 'gzip, deflate, sdch, br',
  'accept-language' => 'zh-CN,zh;q=0.8',
  'cookie' => 'pgv_pvi=2875119616; pgv_si=s1894530048',
)
[ info ] [ PARAM ] array (
)
[ info ] [ LOG ] INIT File
---------------------------------------------------------------
[ 2017-10-13T17:12:21+08:00 ] ::1 ::1 GET /php/project/lezhu/public/static/images/download2.png
[ info ] localhost/php/project/lezhu/public/static/images/download2.png [运行时间：0.029001s][吞吐率：34.48req/s] [内存消耗：2,567.46kb] [文件加载：40]
[ info ] [ LANG ] D:\wamp64\www\php\project\lezhu\thinkphp\lang\zh-cn.php
[ info ] [ ROUTE ] array (
  'type' => 'module',
  'module' => 
  array (
    0 => 'static',
    1 => 'images',
    2 => 'download2.png',
  ),
)
[ info ] [ HEADER ] array (
  'host' => 'localhost',
  'connection' => 'keep-alive',
  'user-agent' => 'Mozilla/5.0 (Windows NT 6.1; WOW64) AppleWebKit/537.36 (KHTML, like Gecko) Chrome/58.0.3029.81 Safari/537.36',
  'accept' => 'image/webp,image/*,*/*;q=0.8',
  'referer' => 'http://localhost/php/project/lezhu/public/index/getapp/index',
  'accept-encoding' => 'gzip, deflate, sdch, br',
  'accept-language' => 'zh-CN,zh;q=0.8',
  'cookie' => 'pgv_pvi=2875119616; pgv_si=s1894530048',
)
[ info ] [ PARAM ] array (
)
[ info ] [ LOG ] INIT File
---------------------------------------------------------------
[ 2017-10-13T17:12:21+08:00 ] ::1 ::1 GET /php/project/lezhu/public/static/images/ios.png
[ info ] localhost/php/project/lezhu/public/static/images/ios.png [运行时间：0.077004s][吞吐率：12.99req/s] [内存消耗：2,567.15kb] [文件加载：40]
[ info ] [ LANG ] D:\wamp64\www\php\project\lezhu\thinkphp\lang\zh-cn.php
[ info ] [ ROUTE ] array (
  'type' => 'module',
  'module' => 
  array (
    0 => 'static',
    1 => 'images',
    2 => 'ios.png',
  ),
)
[ info ] [ HEADER ] array (
  'host' => 'localhost',
  'connection' => 'keep-alive',
  'user-agent' => 'Mozilla/5.0 (Windows NT 6.1; WOW64) AppleWebKit/537.36 (KHTML, like Gecko) Chrome/58.0.3029.81 Safari/537.36',
  'accept' => 'image/webp,image/*,*/*;q=0.8',
  'referer' => 'http://localhost/php/project/lezhu/public/index/getapp/index',
  'accept-encoding' => 'gzip, deflate, sdch, br',
  'accept-language' => 'zh-CN,zh;q=0.8',
  'cookie' => 'pgv_pvi=2875119616; pgv_si=s1894530048',
)
[ info ] [ PARAM ] array (
)
[ info ] [ LOG ] INIT File
---------------------------------------------------------------
[ 2017-10-13T17:12:21+08:00 ] ::1 ::1 GET /php/project/lezhu/public/static/css/img/bg_appdl.png
[ info ] localhost/php/project/lezhu/public/static/css/img/bg_appdl.png [运行时间：0.036002s][吞吐率：27.78req/s] [内存消耗：2,567.33kb] [文件加载：40]
[ info ] [ LANG ] D:\wamp64\www\php\project\lezhu\thinkphp\lang\zh-cn.php
[ info ] [ ROUTE ] array (
  'type' => 'module',
  'module' => 
  array (
    0 => 'static',
    1 => 'css',
    2 => 'img',
  ),
)
[ info ] [ HEADER ] array (
  'host' => 'localhost',
  'connection' => 'keep-alive',
  'user-agent' => 'Mozilla/5.0 (Windows NT 6.1; WOW64) AppleWebKit/537.36 (KHTML, like Gecko) Chrome/58.0.3029.81 Safari/537.36',
  'accept' => 'image/webp,image/*,*/*;q=0.8',
  'referer' => 'http://localhost/php/project/lezhu/public/static/css/appdl.css',
  'accept-encoding' => 'gzip, deflate, sdch, br',
  'accept-language' => 'zh-CN,zh;q=0.8',
  'cookie' => 'pgv_pvi=2875119616; pgv_si=s1894530048',
)
[ info ] [ PARAM ] array (
)
[ info ] [ LOG ] INIT File
---------------------------------------------------------------
[ 2017-10-13T17:12:21+08:00 ] ::1 ::1 GET /php/project/lezhu/public/static/images/appdl.png
[ info ] localhost/php/project/lezhu/public/static/images/appdl.png [运行时间：0.072005s][吞吐率：13.89req/s] [内存消耗：2,567.34kb] [文件加载：40]
[ info ] [ LANG ] D:\wamp64\www\php\project\lezhu\thinkphp\lang\zh-cn.php
[ info ] [ ROUTE ] array (
  'type' => 'module',
  'module' => 
  array (
    0 => 'static',
    1 => 'images',
    2 => 'appdl.png',
  ),
)
[ info ] [ HEADER ] array (
  'host' => 'localhost',
  'connection' => 'keep-alive',
  'user-agent' => 'Mozilla/5.0 (Windows NT 6.1; WOW64) AppleWebKit/537.36 (KHTML, like Gecko) Chrome/58.0.3029.81 Safari/537.36',
  'accept' => 'image/webp,image/*,*/*;q=0.8',
  'referer' => 'http://localhost/php/project/lezhu/public/index/getapp/index',
  'accept-encoding' => 'gzip, deflate, sdch, br',
  'accept-language' => 'zh-CN,zh;q=0.8',
  'cookie' => 'pgv_pvi=2875119616; pgv_si=s1894530048',
)
[ info ] [ PARAM ] array (
)
[ info ] [ LOG ] INIT File
---------------------------------------------------------------
[ 2017-10-13T17:12:59+08:00 ] ::1 ::1 GET /php/project/lezhu/public/index/getapp/index
[ info ] localhost/php/project/lezhu/public/index/getapp/index [运行时间：0.042002s][吞吐率：23.81req/s] [内存消耗：3,244.22kb] [文件加载：47]
[ info ] [ LANG ] D:\wamp64\www\php\project\lezhu\thinkphp\lang\zh-cn.php
[ info ] [ ROUTE ] array (
  'type' => 'module',
  'module' => 
  array (
    0 => 'index',
    1 => 'getapp',
    2 => 'index',
  ),
)
[ info ] [ HEADER ] array (
  'host' => 'localhost',
  'connection' => 'keep-alive',
  'cache-control' => 'max-age=0',
  'upgrade-insecure-requests' => '1',
  'user-agent' => 'Mozilla/5.0 (Windows NT 6.1; WOW64) AppleWebKit/537.36 (KHTML, like Gecko) Chrome/58.0.3029.81 Safari/537.36',
  'accept' => 'text/html,application/xhtml+xml,application/xml;q=0.9,image/webp,*/*;q=0.8',
  'accept-encoding' => 'gzip, deflate, sdch, br',
  'accept-language' => 'zh-CN,zh;q=0.8',
  'cookie' => 'pgv_pvi=2875119616; pgv_si=s1894530048',
)
[ info ] [ PARAM ] array (
)
[ info ] [ RUN ] app\index\controller\Getapp->index[ D:\wamp64\www\php\project\lezhu\application\index\controller\Getapp.php ]
[ info ] [ VIEW ] D:\wamp64\www\php\project\lezhu\public/../application/index\view\getapp\index.html [ array (
) ]
[ info ] [ LOG ] INIT File
---------------------------------------------------------------
[ 2017-10-13T17:12:59+08:00 ] ::1 ::1 GET /php/project/lezhu/public/static/css/img/bg_appdl.png
[ info ] localhost/php/project/lezhu/public/static/css/img/bg_appdl.png [运行时间：0.038002s][吞吐率：26.31req/s] [内存消耗：2,567.33kb] [文件加载：40]
[ info ] [ LANG ] D:\wamp64\www\php\project\lezhu\thinkphp\lang\zh-cn.php
[ info ] [ ROUTE ] array (
  'type' => 'module',
  'module' => 
  array (
    0 => 'static',
    1 => 'css',
    2 => 'img',
  ),
)
[ info ] [ HEADER ] array (
  'host' => 'localhost',
  'connection' => 'keep-alive',
  'user-agent' => 'Mozilla/5.0 (Windows NT 6.1; WOW64) AppleWebKit/537.36 (KHTML, like Gecko) Chrome/58.0.3029.81 Safari/537.36',
  'accept' => 'image/webp,image/*,*/*;q=0.8',
  'referer' => 'http://localhost/php/project/lezhu/public/static/css/appdl.css',
  'accept-encoding' => 'gzip, deflate, sdch, br',
  'accept-language' => 'zh-CN,zh;q=0.8',
  'cookie' => 'pgv_pvi=2875119616; pgv_si=s1894530048',
)
[ info ] [ PARAM ] array (
)
[ info ] [ LOG ] INIT File
---------------------------------------------------------------
[ 2017-10-13T17:13:46+08:00 ] ::1 ::1 GET /php/project/lezhu/public/index/getapp/index
[ info ] localhost/php/project/lezhu/public/index/getapp/index [运行时间：0.032002s][吞吐率：31.25req/s] [内存消耗：2,994.07kb] [文件加载：45]
[ info ] [ LANG ] D:\wamp64\www\php\project\lezhu\thinkphp\lang\zh-cn.php
[ info ] [ ROUTE ] array (
  'type' => 'module',
  'module' => 
  array (
    0 => 'index',
    1 => 'getapp',
    2 => 'index',
  ),
)
[ info ] [ HEADER ] array (
  'host' => 'localhost',
  'connection' => 'keep-alive',
  'cache-control' => 'max-age=0',
  'upgrade-insecure-requests' => '1',
  'user-agent' => 'Mozilla/5.0 (Windows NT 6.1; WOW64) AppleWebKit/537.36 (KHTML, like Gecko) Chrome/58.0.3029.81 Safari/537.36',
  'accept' => 'text/html,application/xhtml+xml,application/xml;q=0.9,image/webp,*/*;q=0.8',
  'accept-encoding' => 'gzip, deflate, sdch, br',
  'accept-language' => 'zh-CN,zh;q=0.8',
  'cookie' => 'pgv_pvi=2875119616; pgv_si=s1894530048',
)
[ info ] [ PARAM ] array (
)
[ info ] [ RUN ] app\index\controller\Getapp->index[ D:\wamp64\www\php\project\lezhu\application\index\controller\Getapp.php ]
[ info ] [ VIEW ] D:\wamp64\www\php\project\lezhu\public/../application/index\view\getapp\index.html [ array (
) ]
[ info ] [ LOG ] INIT File
---------------------------------------------------------------
[ 2017-10-13T17:13:46+08:00 ] ::1 ::1 GET /php/project/lezhu/public/static/css/img/bg_appdl.png
[ info ] localhost/php/project/lezhu/public/static/css/img/bg_appdl.png [运行时间：0.029002s][吞吐率：34.48req/s] [内存消耗：2,567.33kb] [文件加载：40]
[ info ] [ LANG ] D:\wamp64\www\php\project\lezhu\thinkphp\lang\zh-cn.php
[ info ] [ ROUTE ] array (
  'type' => 'module',
  'module' => 
  array (
    0 => 'static',
    1 => 'css',
    2 => 'img',
  ),
)
[ info ] [ HEADER ] array (
  'host' => 'localhost',
  'connection' => 'keep-alive',
  'user-agent' => 'Mozilla/5.0 (Windows NT 6.1; WOW64) AppleWebKit/537.36 (KHTML, like Gecko) Chrome/58.0.3029.81 Safari/537.36',
  'accept' => 'image/webp,image/*,*/*;q=0.8',
  'referer' => 'http://localhost/php/project/lezhu/public/static/css/appdl.css',
  'accept-encoding' => 'gzip, deflate, sdch, br',
  'accept-language' => 'zh-CN,zh;q=0.8',
  'cookie' => 'pgv_pvi=2875119616; pgv_si=s1894530048',
)
[ info ] [ PARAM ] array (
)
[ info ] [ LOG ] INIT File
---------------------------------------------------------------
[ 2017-10-13T17:14:07+08:00 ] ::1 ::1 GET /php/project/lezhu/public/index/getapp/index
[ info ] localhost/php/project/lezhu/public/index/getapp/index [运行时间：0.048003s][吞吐率：20.83req/s] [内存消耗：2,994.07kb] [文件加载：45]
[ info ] [ LANG ] D:\wamp64\www\php\project\lezhu\thinkphp\lang\zh-cn.php
[ info ] [ ROUTE ] array (
  'type' => 'module',
  'module' => 
  array (
    0 => 'index',
    1 => 'getapp',
    2 => 'index',
  ),
)
[ info ] [ HEADER ] array (
  'host' => 'localhost',
  'connection' => 'keep-alive',
  'cache-control' => 'max-age=0',
  'upgrade-insecure-requests' => '1',
  'user-agent' => 'Mozilla/5.0 (Windows NT 6.1; WOW64) AppleWebKit/537.36 (KHTML, like Gecko) Chrome/58.0.3029.81 Safari/537.36',
  'accept' => 'text/html,application/xhtml+xml,application/xml;q=0.9,image/webp,*/*;q=0.8',
  'accept-encoding' => 'gzip, deflate, sdch, br',
  'accept-language' => 'zh-CN,zh;q=0.8',
  'cookie' => 'pgv_pvi=2875119616; pgv_si=s1894530048',
)
[ info ] [ PARAM ] array (
)
[ info ] [ RUN ] app\index\controller\Getapp->index[ D:\wamp64\www\php\project\lezhu\application\index\controller\Getapp.php ]
[ info ] [ VIEW ] D:\wamp64\www\php\project\lezhu\public/../application/index\view\getapp\index.html [ array (
) ]
[ info ] [ LOG ] INIT File
---------------------------------------------------------------
[ 2017-10-13T17:14:07+08:00 ] ::1 ::1 GET /php/project/lezhu/public/static/css/img/bg_appdl.png
[ info ] localhost/php/project/lezhu/public/static/css/img/bg_appdl.png [运行时间：0.031002s][吞吐率：32.26req/s] [内存消耗：2,567.33kb] [文件加载：40]
[ info ] [ LANG ] D:\wamp64\www\php\project\lezhu\thinkphp\lang\zh-cn.php
[ info ] [ ROUTE ] array (
  'type' => 'module',
  'module' => 
  array (
    0 => 'static',
    1 => 'css',
    2 => 'img',
  ),
)
[ info ] [ HEADER ] array (
  'host' => 'localhost',
  'connection' => 'keep-alive',
  'user-agent' => 'Mozilla/5.0 (Windows NT 6.1; WOW64) AppleWebKit/537.36 (KHTML, like Gecko) Chrome/58.0.3029.81 Safari/537.36',
  'accept' => 'image/webp,image/*,*/*;q=0.8',
  'referer' => 'http://localhost/php/project/lezhu/public/static/css/appdl.css',
  'accept-encoding' => 'gzip, deflate, sdch, br',
  'accept-language' => 'zh-CN,zh;q=0.8',
  'cookie' => 'pgv_pvi=2875119616; pgv_si=s1894530048',
)
[ info ] [ PARAM ] array (
)
[ info ] [ LOG ] INIT File
---------------------------------------------------------------
[ 2017-10-13T17:14:26+08:00 ] ::1 ::1 GET /php/project/lezhu/public/index/getapp/index
[ info ] localhost/php/project/lezhu/public/index/getapp/index [运行时间：0.039002s][吞吐率：25.64req/s] [内存消耗：3,244.16kb] [文件加载：47]
[ info ] [ LANG ] D:\wamp64\www\php\project\lezhu\thinkphp\lang\zh-cn.php
[ info ] [ ROUTE ] array (
  'type' => 'module',
  'module' => 
  array (
    0 => 'index',
    1 => 'getapp',
    2 => 'index',
  ),
)
[ info ] [ HEADER ] array (
  'host' => 'localhost',
  'connection' => 'keep-alive',
  'cache-control' => 'max-age=0',
  'upgrade-insecure-requests' => '1',
  'user-agent' => 'Mozilla/5.0 (Windows NT 6.1; WOW64) AppleWebKit/537.36 (KHTML, like Gecko) Chrome/58.0.3029.81 Safari/537.36',
  'accept' => 'text/html,application/xhtml+xml,application/xml;q=0.9,image/webp,*/*;q=0.8',
  'accept-encoding' => 'gzip, deflate, sdch, br',
  'accept-language' => 'zh-CN,zh;q=0.8',
  'cookie' => 'pgv_pvi=2875119616; pgv_si=s1894530048',
)
[ info ] [ PARAM ] array (
)
[ info ] [ RUN ] app\index\controller\Getapp->index[ D:\wamp64\www\php\project\lezhu\application\index\controller\Getapp.php ]
[ info ] [ VIEW ] D:\wamp64\www\php\project\lezhu\public/../application/index\view\getapp\index.html [ array (
) ]
[ info ] [ LOG ] INIT File
---------------------------------------------------------------
[ 2017-10-13T17:14:26+08:00 ] ::1 ::1 GET /php/project/lezhu/public/static/css/img/bg_appdl.png
[ info ] localhost/php/project/lezhu/public/static/css/img/bg_appdl.png [运行时间：0.041002s][吞吐率：24.39req/s] [内存消耗：2,567.33kb] [文件加载：40]
[ info ] [ LANG ] D:\wamp64\www\php\project\lezhu\thinkphp\lang\zh-cn.php
[ info ] [ ROUTE ] array (
  'type' => 'module',
  'module' => 
  array (
    0 => 'static',
    1 => 'css',
    2 => 'img',
  ),
)
[ info ] [ HEADER ] array (
  'host' => 'localhost',
  'connection' => 'keep-alive',
  'user-agent' => 'Mozilla/5.0 (Windows NT 6.1; WOW64) AppleWebKit/537.36 (KHTML, like Gecko) Chrome/58.0.3029.81 Safari/537.36',
  'accept' => 'image/webp,image/*,*/*;q=0.8',
  'referer' => 'http://localhost/php/project/lezhu/public/static/css/appdl.css',
  'accept-encoding' => 'gzip, deflate, sdch, br',
  'accept-language' => 'zh-CN,zh;q=0.8',
  'cookie' => 'pgv_pvi=2875119616; pgv_si=s1894530048',
)
[ info ] [ PARAM ] array (
)
[ info ] [ LOG ] INIT File
---------------------------------------------------------------
[ 2017-10-13T17:14:50+08:00 ] ::1 ::1 GET /php/project/lezhu/public/index/getapp/index
[ info ] localhost/php/project/lezhu/public/index/getapp/index [运行时间：0.040002s][吞吐率：25.00req/s] [内存消耗：2,994.08kb] [文件加载：45]
[ info ] [ LANG ] D:\wamp64\www\php\project\lezhu\thinkphp\lang\zh-cn.php
[ info ] [ ROUTE ] array (
  'type' => 'module',
  'module' => 
  array (
    0 => 'index',
    1 => 'getapp',
    2 => 'index',
  ),
)
[ info ] [ HEADER ] array (
  'host' => 'localhost',
  'connection' => 'keep-alive',
  'cache-control' => 'max-age=0',
  'upgrade-insecure-requests' => '1',
  'user-agent' => 'Mozilla/5.0 (Windows NT 6.1; WOW64) AppleWebKit/537.36 (KHTML, like Gecko) Chrome/58.0.3029.81 Safari/537.36',
  'accept' => 'text/html,application/xhtml+xml,application/xml;q=0.9,image/webp,*/*;q=0.8',
  'accept-encoding' => 'gzip, deflate, sdch, br',
  'accept-language' => 'zh-CN,zh;q=0.8',
  'cookie' => 'pgv_pvi=2875119616; pgv_si=s1894530048',
)
[ info ] [ PARAM ] array (
)
[ info ] [ RUN ] app\index\controller\Getapp->index[ D:\wamp64\www\php\project\lezhu\application\index\controller\Getapp.php ]
[ info ] [ VIEW ] D:\wamp64\www\php\project\lezhu\public/../application/index\view\getapp\index.html [ array (
) ]
[ info ] [ LOG ] INIT File
---------------------------------------------------------------
[ 2017-10-13T17:14:50+08:00 ] ::1 ::1 GET /php/project/lezhu/public/static/css/img/bg_appdl.png
[ info ] localhost/php/project/lezhu/public/static/css/img/bg_appdl.png [运行时间：0.029002s][吞吐率：34.48req/s] [内存消耗：2,567.33kb] [文件加载：40]
[ info ] [ LANG ] D:\wamp64\www\php\project\lezhu\thinkphp\lang\zh-cn.php
[ info ] [ ROUTE ] array (
  'type' => 'module',
  'module' => 
  array (
    0 => 'static',
    1 => 'css',
    2 => 'img',
  ),
)
[ info ] [ HEADER ] array (
  'host' => 'localhost',
  'connection' => 'keep-alive',
  'user-agent' => 'Mozilla/5.0 (Windows NT 6.1; WOW64) AppleWebKit/537.36 (KHTML, like Gecko) Chrome/58.0.3029.81 Safari/537.36',
  'accept' => 'image/webp,image/*,*/*;q=0.8',
  'referer' => 'http://localhost/php/project/lezhu/public/static/css/appdl.css',
  'accept-encoding' => 'gzip, deflate, sdch, br',
  'accept-language' => 'zh-CN,zh;q=0.8',
  'cookie' => 'pgv_pvi=2875119616; pgv_si=s1894530048',
)
[ info ] [ PARAM ] array (
)
[ info ] [ LOG ] INIT File
---------------------------------------------------------------
[ 2017-10-13T17:14:50+08:00 ] ::1 ::1 GET /php/project/lezhu/public/index/getapp/index
[ info ] localhost/php/project/lezhu/public/index/getapp/index [运行时间：0.030002s][吞吐率：33.33req/s] [内存消耗：2,994.08kb] [文件加载：45]
[ info ] [ LANG ] D:\wamp64\www\php\project\lezhu\thinkphp\lang\zh-cn.php
[ info ] [ ROUTE ] array (
  'type' => 'module',
  'module' => 
  array (
    0 => 'index',
    1 => 'getapp',
    2 => 'index',
  ),
)
[ info ] [ HEADER ] array (
  'host' => 'localhost',
  'connection' => 'keep-alive',
  'cache-control' => 'max-age=0',
  'upgrade-insecure-requests' => '1',
  'user-agent' => 'Mozilla/5.0 (Windows NT 6.1; WOW64) AppleWebKit/537.36 (KHTML, like Gecko) Chrome/58.0.3029.81 Safari/537.36',
  'accept' => 'text/html,application/xhtml+xml,application/xml;q=0.9,image/webp,*/*;q=0.8',
  'accept-encoding' => 'gzip, deflate, sdch, br',
  'accept-language' => 'zh-CN,zh;q=0.8',
  'cookie' => 'pgv_pvi=2875119616; pgv_si=s1894530048',
)
[ info ] [ PARAM ] array (
)
[ info ] [ RUN ] app\index\controller\Getapp->index[ D:\wamp64\www\php\project\lezhu\application\index\controller\Getapp.php ]
[ info ] [ VIEW ] D:\wamp64\www\php\project\lezhu\public/../application/index\view\getapp\index.html [ array (
) ]
[ info ] [ LOG ] INIT File
---------------------------------------------------------------
[ 2017-10-13T17:14:50+08:00 ] ::1 ::1 GET /php/project/lezhu/public/static/css/img/bg_appdl.png
[ info ] localhost/php/project/lezhu/public/static/css/img/bg_appdl.png [运行时间：0.028002s][吞吐率：35.71req/s] [内存消耗：2,567.33kb] [文件加载：40]
[ info ] [ LANG ] D:\wamp64\www\php\project\lezhu\thinkphp\lang\zh-cn.php
[ info ] [ ROUTE ] array (
  'type' => 'module',
  'module' => 
  array (
    0 => 'static',
    1 => 'css',
    2 => 'img',
  ),
)
[ info ] [ HEADER ] array (
  'host' => 'localhost',
  'connection' => 'keep-alive',
  'user-agent' => 'Mozilla/5.0 (Windows NT 6.1; WOW64) AppleWebKit/537.36 (KHTML, like Gecko) Chrome/58.0.3029.81 Safari/537.36',
  'accept' => 'image/webp,image/*,*/*;q=0.8',
  'referer' => 'http://localhost/php/project/lezhu/public/static/css/appdl.css',
  'accept-encoding' => 'gzip, deflate, sdch, br',
  'accept-language' => 'zh-CN,zh;q=0.8',
  'cookie' => 'pgv_pvi=2875119616; pgv_si=s1894530048',
)
[ info ] [ PARAM ] array (
)
[ info ] [ LOG ] INIT File
---------------------------------------------------------------
[ 2017-10-13T17:14:50+08:00 ] ::1 ::1 GET /php/project/lezhu/public/index/getapp/index
[ info ] localhost/php/project/lezhu/public/index/getapp/index [运行时间：0.031002s][吞吐率：32.26req/s] [内存消耗：2,994.08kb] [文件加载：45]
[ info ] [ LANG ] D:\wamp64\www\php\project\lezhu\thinkphp\lang\zh-cn.php
[ info ] [ ROUTE ] array (
  'type' => 'module',
  'module' => 
  array (
    0 => 'index',
    1 => 'getapp',
    2 => 'index',
  ),
)
[ info ] [ HEADER ] array (
  'host' => 'localhost',
  'connection' => 'keep-alive',
  'cache-control' => 'max-age=0',
  'upgrade-insecure-requests' => '1',
  'user-agent' => 'Mozilla/5.0 (Windows NT 6.1; WOW64) AppleWebKit/537.36 (KHTML, like Gecko) Chrome/58.0.3029.81 Safari/537.36',
  'accept' => 'text/html,application/xhtml+xml,application/xml;q=0.9,image/webp,*/*;q=0.8',
  'accept-encoding' => 'gzip, deflate, sdch, br',
  'accept-language' => 'zh-CN,zh;q=0.8',
  'cookie' => 'pgv_pvi=2875119616; pgv_si=s1894530048',
)
[ info ] [ PARAM ] array (
)
[ info ] [ RUN ] app\index\controller\Getapp->index[ D:\wamp64\www\php\project\lezhu\application\index\controller\Getapp.php ]
[ info ] [ VIEW ] D:\wamp64\www\php\project\lezhu\public/../application/index\view\getapp\index.html [ array (
) ]
[ info ] [ LOG ] INIT File
---------------------------------------------------------------
[ 2017-10-13T17:14:51+08:00 ] ::1 ::1 GET /php/project/lezhu/public/static/css/img/bg_appdl.png
[ info ] localhost/php/project/lezhu/public/static/css/img/bg_appdl.png [运行时间：0.028002s][吞吐率：35.71req/s] [内存消耗：2,567.33kb] [文件加载：40]
[ info ] [ LANG ] D:\wamp64\www\php\project\lezhu\thinkphp\lang\zh-cn.php
[ info ] [ ROUTE ] array (
  'type' => 'module',
  'module' => 
  array (
    0 => 'static',
    1 => 'css',
    2 => 'img',
  ),
)
[ info ] [ HEADER ] array (
  'host' => 'localhost',
  'connection' => 'keep-alive',
  'user-agent' => 'Mozilla/5.0 (Windows NT 6.1; WOW64) AppleWebKit/537.36 (KHTML, like Gecko) Chrome/58.0.3029.81 Safari/537.36',
  'accept' => 'image/webp,image/*,*/*;q=0.8',
  'referer' => 'http://localhost/php/project/lezhu/public/static/css/appdl.css',
  'accept-encoding' => 'gzip, deflate, sdch, br',
  'accept-language' => 'zh-CN,zh;q=0.8',
  'cookie' => 'pgv_pvi=2875119616; pgv_si=s1894530048',
)
[ info ] [ PARAM ] array (
)
[ info ] [ LOG ] INIT File
---------------------------------------------------------------
[ 2017-10-13T17:14:51+08:00 ] ::1 ::1 GET /php/project/lezhu/public/index/getapp/index
[ info ] localhost/php/project/lezhu/public/index/getapp/index [运行时间：0.030002s][吞吐率：33.33req/s] [内存消耗：2,994.08kb] [文件加载：45]
[ info ] [ LANG ] D:\wamp64\www\php\project\lezhu\thinkphp\lang\zh-cn.php
[ info ] [ ROUTE ] array (
  'type' => 'module',
  'module' => 
  array (
    0 => 'index',
    1 => 'getapp',
    2 => 'index',
  ),
)
[ info ] [ HEADER ] array (
  'host' => 'localhost',
  'connection' => 'keep-alive',
  'cache-control' => 'max-age=0',
  'upgrade-insecure-requests' => '1',
  'user-agent' => 'Mozilla/5.0 (Windows NT 6.1; WOW64) AppleWebKit/537.36 (KHTML, like Gecko) Chrome/58.0.3029.81 Safari/537.36',
  'accept' => 'text/html,application/xhtml+xml,application/xml;q=0.9,image/webp,*/*;q=0.8',
  'accept-encoding' => 'gzip, deflate, sdch, br',
  'accept-language' => 'zh-CN,zh;q=0.8',
  'cookie' => 'pgv_pvi=2875119616; pgv_si=s1894530048',
)
[ info ] [ PARAM ] array (
)
[ info ] [ RUN ] app\index\controller\Getapp->index[ D:\wamp64\www\php\project\lezhu\application\index\controller\Getapp.php ]
[ info ] [ VIEW ] D:\wamp64\www\php\project\lezhu\public/../application/index\view\getapp\index.html [ array (
) ]
[ info ] [ LOG ] INIT File
---------------------------------------------------------------
[ 2017-10-13T17:14:51+08:00 ] ::1 ::1 GET /php/project/lezhu/public/static/css/img/bg_appdl.png
[ info ] localhost/php/project/lezhu/public/static/css/img/bg_appdl.png [运行时间：0.030001s][吞吐率：33.33req/s] [内存消耗：2,567.33kb] [文件加载：40]
[ info ] [ LANG ] D:\wamp64\www\php\project\lezhu\thinkphp\lang\zh-cn.php
[ info ] [ ROUTE ] array (
  'type' => 'module',
  'module' => 
  array (
    0 => 'static',
    1 => 'css',
    2 => 'img',
  ),
)
[ info ] [ HEADER ] array (
  'host' => 'localhost',
  'connection' => 'keep-alive',
  'user-agent' => 'Mozilla/5.0 (Windows NT 6.1; WOW64) AppleWebKit/537.36 (KHTML, like Gecko) Chrome/58.0.3029.81 Safari/537.36',
  'accept' => 'image/webp,image/*,*/*;q=0.8',
  'referer' => 'http://localhost/php/project/lezhu/public/static/css/appdl.css',
  'accept-encoding' => 'gzip, deflate, sdch, br',
  'accept-language' => 'zh-CN,zh;q=0.8',
  'cookie' => 'pgv_pvi=2875119616; pgv_si=s1894530048',
)
[ info ] [ PARAM ] array (
)
[ info ] [ LOG ] INIT File
---------------------------------------------------------------
[ 2017-10-13T17:14:51+08:00 ] ::1 ::1 GET /php/project/lezhu/public/index/getapp/index
[ info ] localhost/php/project/lezhu/public/index/getapp/index [运行时间：0.029002s][吞吐率：34.48req/s] [内存消耗：2,994.08kb] [文件加载：45]
[ info ] [ LANG ] D:\wamp64\www\php\project\lezhu\thinkphp\lang\zh-cn.php
[ info ] [ ROUTE ] array (
  'type' => 'module',
  'module' => 
  array (
    0 => 'index',
    1 => 'getapp',
    2 => 'index',
  ),
)
[ info ] [ HEADER ] array (
  'host' => 'localhost',
  'connection' => 'keep-alive',
  'cache-control' => 'max-age=0',
  'upgrade-insecure-requests' => '1',
  'user-agent' => 'Mozilla/5.0 (Windows NT 6.1; WOW64) AppleWebKit/537.36 (KHTML, like Gecko) Chrome/58.0.3029.81 Safari/537.36',
  'accept' => 'text/html,application/xhtml+xml,application/xml;q=0.9,image/webp,*/*;q=0.8',
  'accept-encoding' => 'gzip, deflate, sdch, br',
  'accept-language' => 'zh-CN,zh;q=0.8',
  'cookie' => 'pgv_pvi=2875119616; pgv_si=s1894530048',
)
[ info ] [ PARAM ] array (
)
[ info ] [ RUN ] app\index\controller\Getapp->index[ D:\wamp64\www\php\project\lezhu\application\index\controller\Getapp.php ]
[ info ] [ VIEW ] D:\wamp64\www\php\project\lezhu\public/../application/index\view\getapp\index.html [ array (
) ]
[ info ] [ LOG ] INIT File
---------------------------------------------------------------
[ 2017-10-13T17:14:51+08:00 ] ::1 ::1 GET /php/project/lezhu/public/static/css/img/bg_appdl.png
[ info ] localhost/php/project/lezhu/public/static/css/img/bg_appdl.png [运行时间：0.028001s][吞吐率：35.71req/s] [内存消耗：2,567.33kb] [文件加载：40]
[ info ] [ LANG ] D:\wamp64\www\php\project\lezhu\thinkphp\lang\zh-cn.php
[ info ] [ ROUTE ] array (
  'type' => 'module',
  'module' => 
  array (
    0 => 'static',
    1 => 'css',
    2 => 'img',
  ),
)
[ info ] [ HEADER ] array (
  'host' => 'localhost',
  'connection' => 'keep-alive',
  'user-agent' => 'Mozilla/5.0 (Windows NT 6.1; WOW64) AppleWebKit/537.36 (KHTML, like Gecko) Chrome/58.0.3029.81 Safari/537.36',
  'accept' => 'image/webp,image/*,*/*;q=0.8',
  'referer' => 'http://localhost/php/project/lezhu/public/static/css/appdl.css',
  'accept-encoding' => 'gzip, deflate, sdch, br',
  'accept-language' => 'zh-CN,zh;q=0.8',
  'cookie' => 'pgv_pvi=2875119616; pgv_si=s1894530048',
)
[ info ] [ PARAM ] array (
)
[ info ] [ LOG ] INIT File
---------------------------------------------------------------
[ 2017-10-13T17:15:12+08:00 ] ::1 ::1 GET /php/project/lezhu/public/
[ info ] localhost/php/project/lezhu/public/ [运行时间：0.049003s][吞吐率：20.41req/s] [内存消耗：3,301.36kb] [文件加载：47]
[ info ] [ LANG ] D:\wamp64\www\php\project\lezhu\thinkphp\lang\zh-cn.php
[ info ] [ ROUTE ] array (
  'type' => 'module',
  'module' => 
  array (
    0 => '',
    1 => NULL,
    2 => NULL,
  ),
)
[ info ] [ HEADER ] array (
  'host' => 'localhost',
  'connection' => 'keep-alive',
  'cache-control' => 'max-age=0',
  'upgrade-insecure-requests' => '1',
  'user-agent' => 'Mozilla/5.0 (Windows NT 6.1; WOW64) AppleWebKit/537.36 (KHTML, like Gecko) Chrome/58.0.3029.81 Safari/537.36',
  'accept' => 'text/html,application/xhtml+xml,application/xml;q=0.9,image/webp,*/*;q=0.8',
  'accept-encoding' => 'gzip, deflate, sdch, br',
  'accept-language' => 'zh-CN,zh;q=0.8',
  'cookie' => 'pgv_pvi=2875119616; pgv_si=s1894530048',
)
[ info ] [ PARAM ] array (
)
[ info ] [ RUN ] app\index\controller\Index->index[ D:\wamp64\www\php\project\lezhu\application\index\controller\Index.php ]
[ info ] [ VIEW ] D:\wamp64\www\php\project\lezhu\public/../application/index\view\index\index.html [ array (
) ]
[ info ] [ LOG ] INIT File
---------------------------------------------------------------
[ 2017-10-13T17:15:13+08:00 ] ::1 ::1 GET /php/project/lezhu/public/static/js/maps/swiper.min.js.map
[ info ] localhost/php/project/lezhu/public/static/js/maps/swiper.min.js.map [运行时间：0.031001s][吞吐率：32.26req/s] [内存消耗：2,566.74kb] [文件加载：40]
[ info ] [ LANG ] D:\wamp64\www\php\project\lezhu\thinkphp\lang\zh-cn.php
[ info ] [ ROUTE ] array (
  'type' => 'module',
  'module' => 
  array (
    0 => 'static',
    1 => 'js',
    2 => 'maps',
  ),
)
[ info ] [ HEADER ] array (
  'host' => 'localhost',
  'connection' => 'keep-alive',
  'user-agent' => 'Mozilla/5.0 (Windows NT 6.1; WOW64) AppleWebKit/537.36 (KHTML, like Gecko) Chrome/58.0.3029.81 Safari/537.36',
  'accept-encoding' => 'gzip, deflate, sdch, br',
  'accept-language' => 'zh-CN,zh;q=0.8',
  'cookie' => 'pgv_pvi=2875119616; pgv_si=s1894530048',
)
[ info ] [ PARAM ] array (
)
[ info ] [ LOG ] INIT File
---------------------------------------------------------------
[ 2017-10-13T17:26:15+08:00 ] ::1 ::1 GET /php/project/lezhu/public/index/develop/index
[ info ] localhost/php/project/lezhu/public/index/develop/index [运行时间：0.041002s][吞吐率：24.39req/s] [内存消耗：3,256.58kb] [文件加载：47]
[ info ] [ LANG ] D:\wamp64\www\php\project\lezhu\thinkphp\lang\zh-cn.php
[ info ] [ ROUTE ] array (
  'type' => 'module',
  'module' => 
  array (
    0 => 'index',
    1 => 'develop',
    2 => 'index',
  ),
)
[ info ] [ HEADER ] array (
  'host' => 'localhost',
  'connection' => 'keep-alive',
  'upgrade-insecure-requests' => '1',
  'user-agent' => 'Mozilla/5.0 (Windows NT 6.1; WOW64) AppleWebKit/537.36 (KHTML, like Gecko) Chrome/58.0.3029.81 Safari/537.36',
  'accept' => 'text/html,application/xhtml+xml,application/xml;q=0.9,image/webp,*/*;q=0.8',
  'accept-encoding' => 'gzip, deflate, sdch, br',
  'accept-language' => 'zh-CN,zh;q=0.8',
  'cookie' => 'pgv_pvi=2875119616; pgv_si=s1894530048',
)
[ info ] [ PARAM ] array (
)
[ info ] [ RUN ] app\index\controller\Develop->index[ D:\wamp64\www\php\project\lezhu\application\index\controller\Develop.php ]
[ info ] [ VIEW ] D:\wamp64\www\php\project\lezhu\public/../application/index\view\develop\index.html [ array (
) ]
[ info ] [ LOG ] INIT File
---------------------------------------------------------------
[ 2017-10-13T17:33:18+08:00 ] ::1 ::1 GET /php/project/lezhu/public/index/property/index
[ info ] localhost/php/project/lezhu/public/index/property/index [运行时间：0.058004s][吞吐率：17.24req/s] [内存消耗：3,076.38kb] [文件加载：47]
[ info ] [ LANG ] D:\wamp64\www\php\project\lezhu\thinkphp\lang\zh-cn.php
[ info ] [ ROUTE ] array (
  'type' => 'module',
  'module' => 
  array (
    0 => 'index',
    1 => 'property',
    2 => 'index',
  ),
)
[ info ] [ HEADER ] array (
  'host' => 'localhost',
  'connection' => 'keep-alive',
  'upgrade-insecure-requests' => '1',
  'user-agent' => 'Mozilla/5.0 (Windows NT 6.1; WOW64) AppleWebKit/537.36 (KHTML, like Gecko) Chrome/58.0.3029.81 Safari/537.36',
  'accept' => 'text/html,application/xhtml+xml,application/xml;q=0.9,image/webp,*/*;q=0.8',
  'accept-encoding' => 'gzip, deflate, sdch, br',
  'accept-language' => 'zh-CN,zh;q=0.8',
  'cookie' => 'pgv_pvi=2875119616; pgv_si=s1894530048',
)
[ info ] [ PARAM ] array (
)
[ info ] [ RUN ] app\index\controller\Property->index[ D:\wamp64\www\php\project\lezhu\application\index\controller\Property.php ]
[ info ] [ LOG ] INIT File
[ error ] [0]模板文件不存在:D:\wamp64\www\php\project\lezhu\public/../application/index\view\property\index.html[D:\wamp64\www\php\project\lezhu\thinkphp\library\think\view\driver\Think.php:80]
---------------------------------------------------------------
[ 2017-10-13T17:33:33+08:00 ] ::1 ::1 GET /php/project/lezhu/public/index/property/index
[ info ] localhost/php/project/lezhu/public/index/property/index [运行时间：0.046003s][吞吐率：21.74req/s] [内存消耗：3,250.62kb] [文件加载：47]
[ info ] [ LANG ] D:\wamp64\www\php\project\lezhu\thinkphp\lang\zh-cn.php
[ info ] [ ROUTE ] array (
  'type' => 'module',
  'module' => 
  array (
    0 => 'index',
    1 => 'property',
    2 => 'index',
  ),
)
[ info ] [ HEADER ] array (
  'host' => 'localhost',
  'connection' => 'keep-alive',
  'cache-control' => 'max-age=0',
  'upgrade-insecure-requests' => '1',
  'user-agent' => 'Mozilla/5.0 (Windows NT 6.1; WOW64) AppleWebKit/537.36 (KHTML, like Gecko) Chrome/58.0.3029.81 Safari/537.36',
  'accept' => 'text/html,application/xhtml+xml,application/xml;q=0.9,image/webp,*/*;q=0.8',
  'accept-encoding' => 'gzip, deflate, sdch, br',
  'accept-language' => 'zh-CN,zh;q=0.8',
  'cookie' => 'pgv_pvi=2875119616; pgv_si=s1894530048',
)
[ info ] [ PARAM ] array (
)
[ info ] [ RUN ] app\index\controller\Property->index[ D:\wamp64\www\php\project\lezhu\application\index\controller\Property.php ]
[ info ] [ VIEW ] D:\wamp64\www\php\project\lezhu\public/../application/index\view\property\index.html [ array (
) ]
[ info ] [ LOG ] INIT File
---------------------------------------------------------------
[ 2017-10-13T17:44:48+08:00 ] ::1 ::1 GET /php/project/lezhu/public/index/newslist/index
[ info ] localhost/php/project/lezhu/public/index/newslist/index [运行时间：0.051003s][吞吐率：19.61req/s] [内存消耗：3,261.70kb] [文件加载：47]
[ info ] [ LANG ] D:\wamp64\www\php\project\lezhu\thinkphp\lang\zh-cn.php
[ info ] [ ROUTE ] array (
  'type' => 'module',
  'module' => 
  array (
    0 => 'index',
    1 => 'newslist',
    2 => 'index',
  ),
)
[ info ] [ HEADER ] array (
  'host' => 'localhost',
  'connection' => 'keep-alive',
  'upgrade-insecure-requests' => '1',
  'user-agent' => 'Mozilla/5.0 (Windows NT 6.1; WOW64) AppleWebKit/537.36 (KHTML, like Gecko) Chrome/58.0.3029.81 Safari/537.36',
  'accept' => 'text/html,application/xhtml+xml,application/xml;q=0.9,image/webp,*/*;q=0.8',
  'accept-encoding' => 'gzip, deflate, sdch, br',
  'accept-language' => 'zh-CN,zh;q=0.8',
  'cookie' => 'pgv_pvi=2875119616; pgv_si=s1894530048',
)
[ info ] [ PARAM ] array (
)
[ info ] [ RUN ] app\index\controller\Newslist->index[ D:\wamp64\www\php\project\lezhu\application\index\controller\Newslist.php ]
[ info ] [ VIEW ] D:\wamp64\www\php\project\lezhu\public/../application/index\view\newslist\index.html [ array (
) ]
[ info ] [ LOG ] INIT File
---------------------------------------------------------------
[ 2017-10-13T17:45:41+08:00 ] ::1 ::1 GET /php/project/lezhu/public/index/newslist/index
[ info ] localhost/php/project/lezhu/public/index/newslist/index [运行时间：0.041002s][吞吐率：24.39req/s] [内存消耗：3,262.22kb] [文件加载：47]
[ info ] [ LANG ] D:\wamp64\www\php\project\lezhu\thinkphp\lang\zh-cn.php
[ info ] [ ROUTE ] array (
  'type' => 'module',
  'module' => 
  array (
    0 => 'index',
    1 => 'newslist',
    2 => 'index',
  ),
)
[ info ] [ HEADER ] array (
  'host' => 'localhost',
  'connection' => 'keep-alive',
  'cache-control' => 'max-age=0',
  'upgrade-insecure-requests' => '1',
  'user-agent' => 'Mozilla/5.0 (Windows NT 6.1; WOW64) AppleWebKit/537.36 (KHTML, like Gecko) Chrome/58.0.3029.81 Safari/537.36',
  'accept' => 'text/html,application/xhtml+xml,application/xml;q=0.9,image/webp,*/*;q=0.8',
  'accept-encoding' => 'gzip, deflate, sdch, br',
  'accept-language' => 'zh-CN,zh;q=0.8',
  'cookie' => 'pgv_pvi=2875119616; pgv_si=s1894530048',
)
[ info ] [ PARAM ] array (
)
[ info ] [ RUN ] app\index\controller\Newslist->index[ D:\wamp64\www\php\project\lezhu\application\index\controller\Newslist.php ]
[ info ] [ VIEW ] D:\wamp64\www\php\project\lezhu\public/../application/index\view\newslist\index.html [ array (
) ]
[ info ] [ LOG ] INIT File
---------------------------------------------------------------
[ 2017-10-13T17:46:36+08:00 ] ::1 ::1 GET /php/project/lezhu/public/index/newslist/index
[ info ] localhost/php/project/lezhu/public/index/newslist/index [运行时间：0.042002s][吞吐率：23.81req/s] [内存消耗：2,994.28kb] [文件加载：45]
[ info ] [ LANG ] D:\wamp64\www\php\project\lezhu\thinkphp\lang\zh-cn.php
[ info ] [ ROUTE ] array (
  'type' => 'module',
  'module' => 
  array (
    0 => 'index',
    1 => 'newslist',
    2 => 'index',
  ),
)
[ info ] [ HEADER ] array (
  'host' => 'localhost',
  'connection' => 'keep-alive',
  'cache-control' => 'max-age=0',
  'upgrade-insecure-requests' => '1',
  'user-agent' => 'Mozilla/5.0 (Windows NT 6.1; WOW64) AppleWebKit/537.36 (KHTML, like Gecko) Chrome/58.0.3029.81 Safari/537.36',
  'accept' => 'text/html,application/xhtml+xml,application/xml;q=0.9,image/webp,*/*;q=0.8',
  'accept-encoding' => 'gzip, deflate, sdch, br',
  'accept-language' => 'zh-CN,zh;q=0.8',
  'cookie' => 'pgv_pvi=2875119616; pgv_si=s1894530048',
)
[ info ] [ PARAM ] array (
)
[ info ] [ RUN ] app\index\controller\Newslist->index[ D:\wamp64\www\php\project\lezhu\application\index\controller\Newslist.php ]
[ info ] [ VIEW ] D:\wamp64\www\php\project\lezhu\public/../application/index\view\newslist\index.html [ array (
) ]
[ info ] [ LOG ] INIT File
---------------------------------------------------------------
[ 2017-10-13T17:47:15+08:00 ] ::1 ::1 GET /php/project/lezhu/public/index/newslist/index
[ info ] localhost/php/project/lezhu/public/index/newslist/index [运行时间：0.041003s][吞吐率：24.39req/s] [内存消耗：3,262.22kb] [文件加载：47]
[ info ] [ LANG ] D:\wamp64\www\php\project\lezhu\thinkphp\lang\zh-cn.php
[ info ] [ ROUTE ] array (
  'type' => 'module',
  'module' => 
  array (
    0 => 'index',
    1 => 'newslist',
    2 => 'index',
  ),
)
[ info ] [ HEADER ] array (
  'host' => 'localhost',
  'connection' => 'keep-alive',
  'cache-control' => 'max-age=0',
  'upgrade-insecure-requests' => '1',
  'user-agent' => 'Mozilla/5.0 (Windows NT 6.1; WOW64) AppleWebKit/537.36 (KHTML, like Gecko) Chrome/58.0.3029.81 Safari/537.36',
  'accept' => 'text/html,application/xhtml+xml,application/xml;q=0.9,image/webp,*/*;q=0.8',
  'accept-encoding' => 'gzip, deflate, sdch, br',
  'accept-language' => 'zh-CN,zh;q=0.8',
  'cookie' => 'pgv_pvi=2875119616; pgv_si=s1894530048',
)
[ info ] [ PARAM ] array (
)
[ info ] [ RUN ] app\index\controller\Newslist->index[ D:\wamp64\www\php\project\lezhu\application\index\controller\Newslist.php ]
[ info ] [ VIEW ] D:\wamp64\www\php\project\lezhu\public/../application/index\view\newslist\index.html [ array (
) ]
[ info ] [ LOG ] INIT File
---------------------------------------------------------------
[ 2017-10-13T17:54:57+08:00 ] ::1 ::1 GET /php/project/lezhu/public/index/newsdeta/index
[ info ] localhost/php/project/lezhu/public/index/newsdeta/index [运行时间：0.210012s][吞吐率：4.76req/s] [内存消耗：2,597.48kb] [文件加载：41]
[ info ] [ LANG ] D:\wamp64\www\php\project\lezhu\thinkphp\lang\zh-cn.php
[ info ] [ ROUTE ] array (
  'type' => 'module',
  'module' => 
  array (
    0 => 'index',
    1 => 'newsdeta',
    2 => 'index',
  ),
)
[ info ] [ HEADER ] array (
  'host' => 'localhost',
  'connection' => 'keep-alive',
  'upgrade-insecure-requests' => '1',
  'user-agent' => 'Mozilla/5.0 (Windows NT 6.1; WOW64) AppleWebKit/537.36 (KHTML, like Gecko) Chrome/58.0.3029.81 Safari/537.36',
  'accept' => 'text/html,application/xhtml+xml,application/xml;q=0.9,image/webp,*/*;q=0.8',
  'accept-encoding' => 'gzip, deflate, sdch, br',
  'accept-language' => 'zh-CN,zh;q=0.8',
  'cookie' => 'pgv_pvi=2875119616; pgv_si=s1894530048',
)
[ info ] [ PARAM ] array (
)
[ info ] [ LOG ] INIT File
[ error ] [4]语法错误: unexpected 'else' (T_ELSE), expecting identifier (T_STRING)[D:\wamp64\www\php\project\lezhu\application\index\controller\Newsdeta.php:10]
---------------------------------------------------------------
[ 2017-10-13T17:56:01+08:00 ] ::1 ::1 GET /php/project/lezhu/public/index/newsdeta/index
[ info ] localhost/php/project/lezhu/public/index/newsdeta/index [运行时间：0.053003s][吞吐率：18.87req/s] [内存消耗：3,253.24kb] [文件加载：47]
[ info ] [ LANG ] D:\wamp64\www\php\project\lezhu\thinkphp\lang\zh-cn.php
[ info ] [ ROUTE ] array (
  'type' => 'module',
  'module' => 
  array (
    0 => 'index',
    1 => 'newsdeta',
    2 => 'index',
  ),
)
[ info ] [ HEADER ] array (
  'host' => 'localhost',
  'connection' => 'keep-alive',
  'cache-control' => 'max-age=0',
  'upgrade-insecure-requests' => '1',
  'user-agent' => 'Mozilla/5.0 (Windows NT 6.1; WOW64) AppleWebKit/537.36 (KHTML, like Gecko) Chrome/58.0.3029.81 Safari/537.36',
  'accept' => 'text/html,application/xhtml+xml,application/xml;q=0.9,image/webp,*/*;q=0.8',
  'accept-encoding' => 'gzip, deflate, sdch, br',
  'accept-language' => 'zh-CN,zh;q=0.8',
  'cookie' => 'pgv_pvi=2875119616; pgv_si=s1894530048',
)
[ info ] [ PARAM ] array (
)
[ info ] [ RUN ] app\index\controller\Newsdeta->index[ D:\wamp64\www\php\project\lezhu\application\index\controller\Newsdeta.php ]
[ info ] [ VIEW ] D:\wamp64\www\php\project\lezhu\public/../application/index\view\newsdeta\index.html [ array (
) ]
[ info ] [ LOG ] INIT File
---------------------------------------------------------------
[ 2017-10-13T17:58:06+08:00 ] ::1 ::1 GET /php/project/lezhu/public/index/newsdeta/index
[ info ] localhost/php/project/lezhu/public/index/newsdeta/index [运行时间：0.060004s][吞吐率：16.67req/s] [内存消耗：3,370.46kb] [文件加载：48]
[ info ] [ LANG ] D:\wamp64\www\php\project\lezhu\thinkphp\lang\zh-cn.php
[ info ] [ ROUTE ] array (
  'type' => 'module',
  'module' => 
  array (
    0 => 'index',
    1 => 'newsdeta',
    2 => 'index',
  ),
)
[ info ] [ HEADER ] array (
  'host' => 'localhost',
  'connection' => 'keep-alive',
  'cache-control' => 'max-age=0',
  'upgrade-insecure-requests' => '1',
  'user-agent' => 'Mozilla/5.0 (Windows NT 6.1; WOW64) AppleWebKit/537.36 (KHTML, like Gecko) Chrome/58.0.3029.81 Safari/537.36',
  'accept' => 'text/html,application/xhtml+xml,application/xml;q=0.9,image/webp,*/*;q=0.8',
  'accept-encoding' => 'gzip, deflate, sdch, br',
  'accept-language' => 'zh-CN,zh;q=0.8',
  'cookie' => 'pgv_pvi=2875119616; pgv_si=s1894530048',
)
[ info ] [ PARAM ] array (
)
[ info ] [ RUN ] app\index\controller\Newsdeta->index[ D:\wamp64\www\php\project\lezhu\application\index\controller\Newsdeta.php ]
[ info ] [ VIEW ] D:\wamp64\www\php\project\lezhu\public/../application/index\view\newsdeta\index.html [ array (
) ]
[ info ] [ LOG ] INIT File
---------------------------------------------------------------
[ 2017-10-13T17:58:15+08:00 ] ::1 ::1 GET /php/project/lezhu/public/index/newsdeta/index.html
[ info ] localhost/php/project/lezhu/public/index/newsdeta/index.html [运行时间：0.039002s][吞吐率：25.64req/s] [内存消耗：3,112.55kb] [文件加载：46]
[ info ] [ LANG ] D:\wamp64\www\php\project\lezhu\thinkphp\lang\zh-cn.php
[ info ] [ ROUTE ] array (
  'type' => 'module',
  'module' => 
  array (
    0 => 'index',
    1 => 'newsdeta',
    2 => 'index',
  ),
)
[ info ] [ HEADER ] array (
  'host' => 'localhost',
  'connection' => 'keep-alive',
  'upgrade-insecure-requests' => '1',
  'user-agent' => 'Mozilla/5.0 (Windows NT 6.1; WOW64) AppleWebKit/537.36 (KHTML, like Gecko) Chrome/58.0.3029.81 Safari/537.36',
  'accept' => 'text/html,application/xhtml+xml,application/xml;q=0.9,image/webp,*/*;q=0.8',
  'referer' => 'http://localhost/php/project/lezhu/public/index/newsdeta/index',
  'accept-encoding' => 'gzip, deflate, sdch, br',
  'accept-language' => 'zh-CN,zh;q=0.8',
  'cookie' => 'pgv_pvi=2875119616; pgv_si=s1894530048',
)
[ info ] [ PARAM ] array (
)
[ info ] [ RUN ] app\index\controller\Newsdeta->index[ D:\wamp64\www\php\project\lezhu\application\index\controller\Newsdeta.php ]
[ info ] [ VIEW ] D:\wamp64\www\php\project\lezhu\public/../application/index\view\newsdeta\index.html [ array (
) ]
[ info ] [ LOG ] INIT File
---------------------------------------------------------------
[ 2017-10-13T17:59:22+08:00 ] ::1 ::1 GET /php/project/lezhu/public/index/newsdeta/index
[ info ] localhost/php/project/lezhu/public/index/newsdeta/index [运行时间：0.047002s][吞吐率：21.28req/s] [内存消耗：3,372.24kb] [文件加载：48]
[ info ] [ LANG ] D:\wamp64\www\php\project\lezhu\thinkphp\lang\zh-cn.php
[ info ] [ ROUTE ] array (
  'type' => 'module',
  'module' => 
  array (
    0 => 'index',
    1 => 'newsdeta',
    2 => 'index',
  ),
)
[ info ] [ HEADER ] array (
  'host' => 'localhost',
  'connection' => 'keep-alive',
  'cache-control' => 'max-age=0',
  'upgrade-insecure-requests' => '1',
  'user-agent' => 'Mozilla/5.0 (Windows NT 6.1; WOW64) AppleWebKit/537.36 (KHTML, like Gecko) Chrome/58.0.3029.81 Safari/537.36',
  'accept' => 'text/html,application/xhtml+xml,application/xml;q=0.9,image/webp,*/*;q=0.8',
  'accept-encoding' => 'gzip, deflate, sdch, br',
  'accept-language' => 'zh-CN,zh;q=0.8',
  'cookie' => 'pgv_pvi=2875119616; pgv_si=s1894530048',
)
[ info ] [ PARAM ] array (
)
[ info ] [ RUN ] app\index\controller\Newsdeta->index[ D:\wamp64\www\php\project\lezhu\application\index\controller\Newsdeta.php ]
[ info ] [ VIEW ] D:\wamp64\www\php\project\lezhu\public/../application/index\view\newsdeta\index.html [ array (
) ]
[ info ] [ LOG ] INIT File
---------------------------------------------------------------
[ 2017-10-13T17:59:28+08:00 ] ::1 ::1 GET /php/project/lezhu/public/index/newsdeta/index.html
[ info ] localhost/php/project/lezhu/public/index/newsdeta/index.html [运行时间：0.043003s][吞吐率：23.25req/s] [内存消耗：3,112.55kb] [文件加载：46]
[ info ] [ LANG ] D:\wamp64\www\php\project\lezhu\thinkphp\lang\zh-cn.php
[ info ] [ ROUTE ] array (
  'type' => 'module',
  'module' => 
  array (
    0 => 'index',
    1 => 'newsdeta',
    2 => 'index',
  ),
)
[ info ] [ HEADER ] array (
  'host' => 'localhost',
  'connection' => 'keep-alive',
  'upgrade-insecure-requests' => '1',
  'user-agent' => 'Mozilla/5.0 (Windows NT 6.1; WOW64) AppleWebKit/537.36 (KHTML, like Gecko) Chrome/58.0.3029.81 Safari/537.36',
  'accept' => 'text/html,application/xhtml+xml,application/xml;q=0.9,image/webp,*/*;q=0.8',
  'referer' => 'http://localhost/php/project/lezhu/public/index/newsdeta/index',
  'accept-encoding' => 'gzip, deflate, sdch, br',
  'accept-language' => 'zh-CN,zh;q=0.8',
  'cookie' => 'pgv_pvi=2875119616; pgv_si=s1894530048',
)
[ info ] [ PARAM ] array (
)
[ info ] [ RUN ] app\index\controller\Newsdeta->index[ D:\wamp64\www\php\project\lezhu\application\index\controller\Newsdeta.php ]
[ info ] [ VIEW ] D:\wamp64\www\php\project\lezhu\public/../application/index\view\newsdeta\index.html [ array (
) ]
[ info ] [ LOG ] INIT File
---------------------------------------------------------------
[ 2017-10-13T18:11:23+08:00 ] ::1 ::1 GET /php/project/lezhu/public/
[ info ] localhost/php/project/lezhu/public/ [运行时间：0.052003s][吞吐率：19.23req/s] [内存消耗：3,418.95kb] [文件加载：48]
[ info ] [ LANG ] D:\wamp64\www\php\project\lezhu\thinkphp\lang\zh-cn.php
[ info ] [ ROUTE ] array (
  'type' => 'module',
  'module' => 
  array (
    0 => '',
    1 => NULL,
    2 => NULL,
  ),
)
[ info ] [ HEADER ] array (
  'host' => 'localhost',
  'connection' => 'keep-alive',
  'cache-control' => 'max-age=0',
  'upgrade-insecure-requests' => '1',
  'user-agent' => 'Mozilla/5.0 (Windows NT 6.1; WOW64) AppleWebKit/537.36 (KHTML, like Gecko) Chrome/58.0.3029.81 Safari/537.36',
  'accept' => 'text/html,application/xhtml+xml,application/xml;q=0.9,image/webp,*/*;q=0.8',
  'accept-encoding' => 'gzip, deflate, sdch, br',
  'accept-language' => 'zh-CN,zh;q=0.8',
  'cookie' => 'pgv_pvi=2875119616; pgv_si=s1894530048',
)
[ info ] [ PARAM ] array (
)
[ info ] [ RUN ] app\index\controller\Index->index[ D:\wamp64\www\php\project\lezhu\application\index\controller\Index.php ]
[ info ] [ VIEW ] D:\wamp64\www\php\project\lezhu\public/../application/index\view\index\index.html [ array (
) ]
[ info ] [ LOG ] INIT File
---------------------------------------------------------------
[ 2017-10-13T18:11:23+08:00 ] ::1 ::1 GET /php/project/lezhu/public/static/js/maps/swiper.min.js.map
[ info ] localhost/php/project/lezhu/public/static/js/maps/swiper.min.js.map [运行时间：0.032002s][吞吐率：31.25req/s] [内存消耗：2,566.74kb] [文件加载：40]
[ info ] [ LANG ] D:\wamp64\www\php\project\lezhu\thinkphp\lang\zh-cn.php
[ info ] [ ROUTE ] array (
  'type' => 'module',
  'module' => 
  array (
    0 => 'static',
    1 => 'js',
    2 => 'maps',
  ),
)
[ info ] [ HEADER ] array (
  'host' => 'localhost',
  'connection' => 'keep-alive',
  'user-agent' => 'Mozilla/5.0 (Windows NT 6.1; WOW64) AppleWebKit/537.36 (KHTML, like Gecko) Chrome/58.0.3029.81 Safari/537.36',
  'accept-encoding' => 'gzip, deflate, sdch, br',
  'accept-language' => 'zh-CN,zh;q=0.8',
  'cookie' => 'pgv_pvi=2875119616; pgv_si=s1894530048',
)
[ info ] [ PARAM ] array (
)
[ info ] [ LOG ] INIT File
---------------------------------------------------------------
[ 2017-10-13T18:11:29+08:00 ] ::1 ::1 GET /php/project/lezhu/public/index/index/index.html
[ info ] localhost/php/project/lezhu/public/index/index/index.html [运行时间：0.042003s][吞吐率：23.81req/s] [内存消耗：3,135.12kb] [文件加载：46]
[ info ] [ LANG ] D:\wamp64\www\php\project\lezhu\thinkphp\lang\zh-cn.php
[ info ] [ ROUTE ] array (
  'type' => 'module',
  'module' => 
  array (
    0 => 'index',
    1 => 'index',
    2 => 'index',
  ),
)
[ info ] [ HEADER ] array (
  'host' => 'localhost',
  'connection' => 'keep-alive',
  'upgrade-insecure-requests' => '1',
  'user-agent' => 'Mozilla/5.0 (Windows NT 6.1; WOW64) AppleWebKit/537.36 (KHTML, like Gecko) Chrome/58.0.3029.81 Safari/537.36',
  'accept' => 'text/html,application/xhtml+xml,application/xml;q=0.9,image/webp,*/*;q=0.8',
  'referer' => 'http://localhost/php/project/lezhu/public/',
  'accept-encoding' => 'gzip, deflate, sdch, br',
  'accept-language' => 'zh-CN,zh;q=0.8',
  'cookie' => 'pgv_pvi=2875119616; pgv_si=s1894530048',
)
[ info ] [ PARAM ] array (
)
[ info ] [ RUN ] app\index\controller\Index->index[ D:\wamp64\www\php\project\lezhu\application\index\controller\Index.php ]
[ info ] [ VIEW ] D:\wamp64\www\php\project\lezhu\public/../application/index\view\index\index.html [ array (
) ]
[ info ] [ LOG ] INIT File
---------------------------------------------------------------
[ 2017-10-13T18:11:30+08:00 ] ::1 ::1 GET /php/project/lezhu/public/static/js/maps/swiper.min.js.map
[ info ] localhost/php/project/lezhu/public/static/js/maps/swiper.min.js.map [运行时间：0.030002s][吞吐率：33.33req/s] [内存消耗：2,566.74kb] [文件加载：40]
[ info ] [ LANG ] D:\wamp64\www\php\project\lezhu\thinkphp\lang\zh-cn.php
[ info ] [ ROUTE ] array (
  'type' => 'module',
  'module' => 
  array (
    0 => 'static',
    1 => 'js',
    2 => 'maps',
  ),
)
[ info ] [ HEADER ] array (
  'host' => 'localhost',
  'connection' => 'keep-alive',
  'user-agent' => 'Mozilla/5.0 (Windows NT 6.1; WOW64) AppleWebKit/537.36 (KHTML, like Gecko) Chrome/58.0.3029.81 Safari/537.36',
  'accept-encoding' => 'gzip, deflate, sdch, br',
  'accept-language' => 'zh-CN,zh;q=0.8',
  'cookie' => 'pgv_pvi=2875119616; pgv_si=s1894530048',
)
[ info ] [ PARAM ] array (
)
[ info ] [ LOG ] INIT File
---------------------------------------------------------------
[ 2017-10-13T18:13:10+08:00 ] ::1 ::1 GET /php/project/lezhu/public/index/index/index.html
[ info ] localhost/php/project/lezhu/public/index/index/index.html [运行时间：0.054003s][吞吐率：18.52req/s] [内存消耗：3,135.15kb] [文件加载：46]
[ info ] [ LANG ] D:\wamp64\www\php\project\lezhu\thinkphp\lang\zh-cn.php
[ info ] [ ROUTE ] array (
  'type' => 'module',
  'module' => 
  array (
    0 => 'index',
    1 => 'index',
    2 => 'index',
  ),
)
[ info ] [ HEADER ] array (
  'host' => 'localhost',
  'connection' => 'keep-alive',
  'cache-control' => 'max-age=0',
  'upgrade-insecure-requests' => '1',
  'user-agent' => 'Mozilla/5.0 (Windows NT 6.1; WOW64) AppleWebKit/537.36 (KHTML, like Gecko) Chrome/58.0.3029.81 Safari/537.36',
  'accept' => 'text/html,application/xhtml+xml,application/xml;q=0.9,image/webp,*/*;q=0.8',
  'referer' => 'http://localhost/php/project/lezhu/public/',
  'accept-encoding' => 'gzip, deflate, sdch, br',
  'accept-language' => 'zh-CN,zh;q=0.8',
  'cookie' => 'pgv_pvi=2875119616; pgv_si=s1894530048',
)
[ info ] [ PARAM ] array (
)
[ info ] [ RUN ] app\index\controller\Index->index[ D:\wamp64\www\php\project\lezhu\application\index\controller\Index.php ]
[ info ] [ VIEW ] D:\wamp64\www\php\project\lezhu\public/../application/index\view\index\index.html [ array (
) ]
[ info ] [ LOG ] INIT File
---------------------------------------------------------------
[ 2017-10-13T18:13:10+08:00 ] ::1 ::1 GET /php/project/lezhu/public/static/js/maps/swiper.min.js.map
[ info ] localhost/php/project/lezhu/public/static/js/maps/swiper.min.js.map [运行时间：0.034002s][吞吐率：29.41req/s] [内存消耗：2,566.74kb] [文件加载：40]
[ info ] [ LANG ] D:\wamp64\www\php\project\lezhu\thinkphp\lang\zh-cn.php
[ info ] [ ROUTE ] array (
  'type' => 'module',
  'module' => 
  array (
    0 => 'static',
    1 => 'js',
    2 => 'maps',
  ),
)
[ info ] [ HEADER ] array (
  'host' => 'localhost',
  'connection' => 'keep-alive',
  'user-agent' => 'Mozilla/5.0 (Windows NT 6.1; WOW64) AppleWebKit/537.36 (KHTML, like Gecko) Chrome/58.0.3029.81 Safari/537.36',
  'accept-encoding' => 'gzip, deflate, sdch, br',
  'accept-language' => 'zh-CN,zh;q=0.8',
  'cookie' => 'pgv_pvi=2875119616; pgv_si=s1894530048',
)
[ info ] [ PARAM ] array (
)
[ info ] [ LOG ] INIT File
---------------------------------------------------------------
[ 2017-10-13T18:13:35+08:00 ] ::1 ::1 GET /php/project/lezhu/public/index/index/index.html
[ info ] localhost/php/project/lezhu/public/index/index/index.html [运行时间：0.037002s][吞吐率：27.03req/s] [内存消耗：3,135.15kb] [文件加载：46]
[ info ] [ LANG ] D:\wamp64\www\php\project\lezhu\thinkphp\lang\zh-cn.php
[ info ] [ ROUTE ] array (
  'type' => 'module',
  'module' => 
  array (
    0 => 'index',
    1 => 'index',
    2 => 'index',
  ),
)
[ info ] [ HEADER ] array (
  'host' => 'localhost',
  'connection' => 'keep-alive',
  'cache-control' => 'max-age=0',
  'upgrade-insecure-requests' => '1',
  'user-agent' => 'Mozilla/5.0 (Windows NT 6.1; WOW64) AppleWebKit/537.36 (KHTML, like Gecko) Chrome/58.0.3029.81 Safari/537.36',
  'accept' => 'text/html,application/xhtml+xml,application/xml;q=0.9,image/webp,*/*;q=0.8',
  'referer' => 'http://localhost/php/project/lezhu/public/',
  'accept-encoding' => 'gzip, deflate, sdch, br',
  'accept-language' => 'zh-CN,zh;q=0.8',
  'cookie' => 'pgv_pvi=2875119616; pgv_si=s1894530048',
)
[ info ] [ PARAM ] array (
)
[ info ] [ RUN ] app\index\controller\Index->index[ D:\wamp64\www\php\project\lezhu\application\index\controller\Index.php ]
[ info ] [ VIEW ] D:\wamp64\www\php\project\lezhu\public/../application/index\view\index\index.html [ array (
) ]
[ info ] [ LOG ] INIT File
---------------------------------------------------------------
[ 2017-10-13T18:13:35+08:00 ] ::1 ::1 GET /php/project/lezhu/public/static/js/maps/swiper.min.js.map
[ info ] localhost/php/project/lezhu/public/static/js/maps/swiper.min.js.map [运行时间：0.032002s][吞吐率：31.25req/s] [内存消耗：2,566.74kb] [文件加载：40]
[ info ] [ LANG ] D:\wamp64\www\php\project\lezhu\thinkphp\lang\zh-cn.php
[ info ] [ ROUTE ] array (
  'type' => 'module',
  'module' => 
  array (
    0 => 'static',
    1 => 'js',
    2 => 'maps',
  ),
)
[ info ] [ HEADER ] array (
  'host' => 'localhost',
  'connection' => 'keep-alive',
  'user-agent' => 'Mozilla/5.0 (Windows NT 6.1; WOW64) AppleWebKit/537.36 (KHTML, like Gecko) Chrome/58.0.3029.81 Safari/537.36',
  'accept-encoding' => 'gzip, deflate, sdch, br',
  'accept-language' => 'zh-CN,zh;q=0.8',
  'cookie' => 'pgv_pvi=2875119616; pgv_si=s1894530048',
)
[ info ] [ PARAM ] array (
)
[ info ] [ LOG ] INIT File
---------------------------------------------------------------
[ 2017-10-13T18:14:36+08:00 ] ::1 ::1 GET /php/project/lezhu/public/index/index/index.html
[ info ] localhost/php/project/lezhu/public/index/index/index.html [运行时间：0.044002s][吞吐率：22.73req/s] [内存消耗：3,135.15kb] [文件加载：46]
[ info ] [ LANG ] D:\wamp64\www\php\project\lezhu\thinkphp\lang\zh-cn.php
[ info ] [ ROUTE ] array (
  'type' => 'module',
  'module' => 
  array (
    0 => 'index',
    1 => 'index',
    2 => 'index',
  ),
)
[ info ] [ HEADER ] array (
  'host' => 'localhost',
  'connection' => 'keep-alive',
  'cache-control' => 'max-age=0',
  'upgrade-insecure-requests' => '1',
  'user-agent' => 'Mozilla/5.0 (Windows NT 6.1; WOW64) AppleWebKit/537.36 (KHTML, like Gecko) Chrome/58.0.3029.81 Safari/537.36',
  'accept' => 'text/html,application/xhtml+xml,application/xml;q=0.9,image/webp,*/*;q=0.8',
  'referer' => 'http://localhost/php/project/lezhu/public/',
  'accept-encoding' => 'gzip, deflate, sdch, br',
  'accept-language' => 'zh-CN,zh;q=0.8',
  'cookie' => 'pgv_pvi=2875119616; pgv_si=s1894530048',
)
[ info ] [ PARAM ] array (
)
[ info ] [ RUN ] app\index\controller\Index->index[ D:\wamp64\www\php\project\lezhu\application\index\controller\Index.php ]
[ info ] [ VIEW ] D:\wamp64\www\php\project\lezhu\public/../application/index\view\index\index.html [ array (
) ]
[ info ] [ LOG ] INIT File
---------------------------------------------------------------
[ 2017-10-13T18:14:36+08:00 ] ::1 ::1 GET /php/project/lezhu/public/static/js/maps/swiper.min.js.map
[ info ] localhost/php/project/lezhu/public/static/js/maps/swiper.min.js.map [运行时间：0.030002s][吞吐率：33.33req/s] [内存消耗：2,566.74kb] [文件加载：40]
[ info ] [ LANG ] D:\wamp64\www\php\project\lezhu\thinkphp\lang\zh-cn.php
[ info ] [ ROUTE ] array (
  'type' => 'module',
  'module' => 
  array (
    0 => 'static',
    1 => 'js',
    2 => 'maps',
  ),
)
[ info ] [ HEADER ] array (
  'host' => 'localhost',
  'connection' => 'keep-alive',
  'user-agent' => 'Mozilla/5.0 (Windows NT 6.1; WOW64) AppleWebKit/537.36 (KHTML, like Gecko) Chrome/58.0.3029.81 Safari/537.36',
  'accept-encoding' => 'gzip, deflate, sdch, br',
  'accept-language' => 'zh-CN,zh;q=0.8',
  'cookie' => 'pgv_pvi=2875119616; pgv_si=s1894530048',
)
[ info ] [ PARAM ] array (
)
[ info ] [ LOG ] INIT File
---------------------------------------------------------------
[ 2017-10-13T18:14:53+08:00 ] ::1 ::1 GET /php/project/lezhu/public/index/index/index.html
[ info ] localhost/php/project/lezhu/public/index/index/index.html [运行时间：0.034002s][吞吐率：29.41req/s] [内存消耗：3,135.15kb] [文件加载：46]
[ info ] [ LANG ] D:\wamp64\www\php\project\lezhu\thinkphp\lang\zh-cn.php
[ info ] [ ROUTE ] array (
  'type' => 'module',
  'module' => 
  array (
    0 => 'index',
    1 => 'index',
    2 => 'index',
  ),
)
[ info ] [ HEADER ] array (
  'host' => 'localhost',
  'connection' => 'keep-alive',
  'cache-control' => 'max-age=0',
  'upgrade-insecure-requests' => '1',
  'user-agent' => 'Mozilla/5.0 (Windows NT 6.1; WOW64) AppleWebKit/537.36 (KHTML, like Gecko) Chrome/58.0.3029.81 Safari/537.36',
  'accept' => 'text/html,application/xhtml+xml,application/xml;q=0.9,image/webp,*/*;q=0.8',
  'referer' => 'http://localhost/php/project/lezhu/public/',
  'accept-encoding' => 'gzip, deflate, sdch, br',
  'accept-language' => 'zh-CN,zh;q=0.8',
  'cookie' => 'pgv_pvi=2875119616; pgv_si=s1894530048',
)
[ info ] [ PARAM ] array (
)
[ info ] [ RUN ] app\index\controller\Index->index[ D:\wamp64\www\php\project\lezhu\application\index\controller\Index.php ]
[ info ] [ VIEW ] D:\wamp64\www\php\project\lezhu\public/../application/index\view\index\index.html [ array (
) ]
[ info ] [ LOG ] INIT File
---------------------------------------------------------------
[ 2017-10-13T18:14:53+08:00 ] ::1 ::1 GET /php/project/lezhu/public/static/js/maps/swiper.min.js.map
[ info ] localhost/php/project/lezhu/public/static/js/maps/swiper.min.js.map [运行时间：0.031002s][吞吐率：32.26req/s] [内存消耗：2,566.74kb] [文件加载：40]
[ info ] [ LANG ] D:\wamp64\www\php\project\lezhu\thinkphp\lang\zh-cn.php
[ info ] [ ROUTE ] array (
  'type' => 'module',
  'module' => 
  array (
    0 => 'static',
    1 => 'js',
    2 => 'maps',
  ),
)
[ info ] [ HEADER ] array (
  'host' => 'localhost',
  'connection' => 'keep-alive',
  'user-agent' => 'Mozilla/5.0 (Windows NT 6.1; WOW64) AppleWebKit/537.36 (KHTML, like Gecko) Chrome/58.0.3029.81 Safari/537.36',
  'accept-encoding' => 'gzip, deflate, sdch, br',
  'accept-language' => 'zh-CN,zh;q=0.8',
  'cookie' => 'pgv_pvi=2875119616; pgv_si=s1894530048',
)
[ info ] [ PARAM ] array (
)
[ info ] [ LOG ] INIT File
---------------------------------------------------------------
[ 2017-10-13T18:16:06+08:00 ] 127.0.0.1 127.0.0.1 GET /php/project/lezhu/public/index/index/index.html
[ info ] localhost/php/project/lezhu/public/index/index/index.html [运行时间：0.039002s][吞吐率：25.64req/s] [内存消耗：3,134.38kb] [文件加载：46]
[ info ] [ LANG ] D:\wamp64\www\php\project\lezhu\thinkphp\lang\zh-cn.php
[ info ] [ ROUTE ] array (
  'type' => 'module',
  'module' => 
  array (
    0 => 'index',
    1 => 'index',
    2 => 'index',
  ),
)
[ info ] [ HEADER ] array (
  'host' => 'localhost',
  'user-agent' => 'Mozilla/5.0 (Windows NT 6.1; WOW64; rv:56.0) Gecko/20100101 Firefox/56.0',
  'accept' => 'text/html,application/xhtml+xml,application/xml;q=0.9,*/*;q=0.8',
  'accept-language' => 'zh-CN,zh;q=0.8,en-US;q=0.5,en;q=0.3',
  'accept-encoding' => 'gzip, deflate',
  'connection' => 'keep-alive',
  'upgrade-insecure-requests' => '1',
)
[ info ] [ PARAM ] array (
)
[ info ] [ RUN ] app\index\controller\Index->index[ D:\wamp64\www\php\project\lezhu\application\index\controller\Index.php ]
[ info ] [ VIEW ] D:\wamp64\www\php\project\lezhu\public/../application/index\view\index\index.html [ array (
) ]
[ info ] [ LOG ] INIT File
---------------------------------------------------------------
[ 2017-10-13T18:16:53+08:00 ] 127.0.0.1 127.0.0.1 GET /php/project/lezhu/public/index/index/index.html
[ info ] localhost/php/project/lezhu/public/index/index/index.html [运行时间：0.035002s][吞吐率：28.57req/s] [内存消耗：3,134.70kb] [文件加载：46]
[ info ] [ LANG ] D:\wamp64\www\php\project\lezhu\thinkphp\lang\zh-cn.php
[ info ] [ ROUTE ] array (
  'type' => 'module',
  'module' => 
  array (
    0 => 'index',
    1 => 'index',
    2 => 'index',
  ),
)
[ info ] [ HEADER ] array (
  'host' => 'localhost',
  'user-agent' => 'Mozilla/5.0 (Windows NT 6.1; WOW64; rv:56.0) Gecko/20100101 Firefox/56.0',
  'accept' => 'text/html,application/xhtml+xml,application/xml;q=0.9,*/*;q=0.8',
  'accept-language' => 'zh-CN,zh;q=0.8,en-US;q=0.5,en;q=0.3',
  'accept-encoding' => 'gzip, deflate',
  'connection' => 'keep-alive',
  'upgrade-insecure-requests' => '1',
  'cache-control' => 'max-age=0',
)
[ info ] [ PARAM ] array (
)
[ info ] [ RUN ] app\index\controller\Index->index[ D:\wamp64\www\php\project\lezhu\application\index\controller\Index.php ]
[ info ] [ VIEW ] D:\wamp64\www\php\project\lezhu\public/../application/index\view\index\index.html [ array (
) ]
[ info ] [ LOG ] INIT File
---------------------------------------------------------------
[ 2017-10-13T18:17:43+08:00 ] 127.0.0.1 127.0.0.1 GET /php/project/lezhu/public/index/index/index.html
[ info ] localhost/php/project/lezhu/public/index/index/index.html [运行时间：0.033002s][吞吐率：30.30req/s] [内存消耗：3,134.70kb] [文件加载：46]
[ info ] [ LANG ] D:\wamp64\www\php\project\lezhu\thinkphp\lang\zh-cn.php
[ info ] [ ROUTE ] array (
  'type' => 'module',
  'module' => 
  array (
    0 => 'index',
    1 => 'index',
    2 => 'index',
  ),
)
[ info ] [ HEADER ] array (
  'host' => 'localhost',
  'user-agent' => 'Mozilla/5.0 (Windows NT 6.1; WOW64; rv:56.0) Gecko/20100101 Firefox/56.0',
  'accept' => 'text/html,application/xhtml+xml,application/xml;q=0.9,*/*;q=0.8',
  'accept-language' => 'zh-CN,zh;q=0.8,en-US;q=0.5,en;q=0.3',
  'accept-encoding' => 'gzip, deflate',
  'connection' => 'keep-alive',
  'upgrade-insecure-requests' => '1',
  'cache-control' => 'max-age=0',
)
[ info ] [ PARAM ] array (
)
[ info ] [ RUN ] app\index\controller\Index->index[ D:\wamp64\www\php\project\lezhu\application\index\controller\Index.php ]
[ info ] [ VIEW ] D:\wamp64\www\php\project\lezhu\public/../application/index\view\index\index.html [ array (
) ]
[ info ] [ LOG ] INIT File
---------------------------------------------------------------
[ 2017-10-13T18:18:16+08:00 ] 127.0.0.1 127.0.0.1 GET /php/project/lezhu/public/index/index/index.html
[ info ] localhost/php/project/lezhu/public/index/index/index.html [运行时间：0.036002s][吞吐率：27.78req/s] [内存消耗：3,134.70kb] [文件加载：46]
[ info ] [ LANG ] D:\wamp64\www\php\project\lezhu\thinkphp\lang\zh-cn.php
[ info ] [ ROUTE ] array (
  'type' => 'module',
  'module' => 
  array (
    0 => 'index',
    1 => 'index',
    2 => 'index',
  ),
)
[ info ] [ HEADER ] array (
  'host' => 'localhost',
  'user-agent' => 'Mozilla/5.0 (Windows NT 6.1; WOW64; rv:56.0) Gecko/20100101 Firefox/56.0',
  'accept' => 'text/html,application/xhtml+xml,application/xml;q=0.9,*/*;q=0.8',
  'accept-language' => 'zh-CN,zh;q=0.8,en-US;q=0.5,en;q=0.3',
  'accept-encoding' => 'gzip, deflate',
  'connection' => 'keep-alive',
  'upgrade-insecure-requests' => '1',
  'cache-control' => 'max-age=0',
)
[ info ] [ PARAM ] array (
)
[ info ] [ RUN ] app\index\controller\Index->index[ D:\wamp64\www\php\project\lezhu\application\index\controller\Index.php ]
[ info ] [ VIEW ] D:\wamp64\www\php\project\lezhu\public/../application/index\view\index\index.html [ array (
) ]
[ info ] [ LOG ] INIT File
---------------------------------------------------------------
[ 2017-10-13T18:18:24+08:00 ] 127.0.0.1 127.0.0.1 GET /php/project/lezhu/public/index/index/index.html
[ info ] localhost/php/project/lezhu/public/index/index/index.html [运行时间：0.035002s][吞吐率：28.57req/s] [内存消耗：3,134.70kb] [文件加载：46]
[ info ] [ LANG ] D:\wamp64\www\php\project\lezhu\thinkphp\lang\zh-cn.php
[ info ] [ ROUTE ] array (
  'type' => 'module',
  'module' => 
  array (
    0 => 'index',
    1 => 'index',
    2 => 'index',
  ),
)
[ info ] [ HEADER ] array (
  'host' => 'localhost',
  'user-agent' => 'Mozilla/5.0 (Windows NT 6.1; WOW64; rv:56.0) Gecko/20100101 Firefox/56.0',
  'accept' => 'text/html,application/xhtml+xml,application/xml;q=0.9,*/*;q=0.8',
  'accept-language' => 'zh-CN,zh;q=0.8,en-US;q=0.5,en;q=0.3',
  'accept-encoding' => 'gzip, deflate',
  'connection' => 'keep-alive',
  'upgrade-insecure-requests' => '1',
  'cache-control' => 'max-age=0',
)
[ info ] [ PARAM ] array (
)
[ info ] [ RUN ] app\index\controller\Index->index[ D:\wamp64\www\php\project\lezhu\application\index\controller\Index.php ]
[ info ] [ VIEW ] D:\wamp64\www\php\project\lezhu\public/../application/index\view\index\index.html [ array (
) ]
[ info ] [ LOG ] INIT File
---------------------------------------------------------------
[ 2017-10-13T18:18:53+08:00 ] 127.0.0.1 127.0.0.1 GET /php/project/lezhu/public/index/index/index.html
[ info ] localhost/php/project/lezhu/public/index/index/index.html [运行时间：0.033002s][吞吐率：30.30req/s] [内存消耗：3,134.70kb] [文件加载：46]
[ info ] [ LANG ] D:\wamp64\www\php\project\lezhu\thinkphp\lang\zh-cn.php
[ info ] [ ROUTE ] array (
  'type' => 'module',
  'module' => 
  array (
    0 => 'index',
    1 => 'index',
    2 => 'index',
  ),
)
[ info ] [ HEADER ] array (
  'host' => 'localhost',
  'user-agent' => 'Mozilla/5.0 (Windows NT 6.1; WOW64; rv:56.0) Gecko/20100101 Firefox/56.0',
  'accept' => 'text/html,application/xhtml+xml,application/xml;q=0.9,*/*;q=0.8',
  'accept-language' => 'zh-CN,zh;q=0.8,en-US;q=0.5,en;q=0.3',
  'accept-encoding' => 'gzip, deflate',
  'connection' => 'keep-alive',
  'upgrade-insecure-requests' => '1',
  'cache-control' => 'max-age=0',
)
[ info ] [ PARAM ] array (
)
[ info ] [ RUN ] app\index\controller\Index->index[ D:\wamp64\www\php\project\lezhu\application\index\controller\Index.php ]
[ info ] [ VIEW ] D:\wamp64\www\php\project\lezhu\public/../application/index\view\index\index.html [ array (
) ]
[ info ] [ LOG ] INIT File
---------------------------------------------------------------
[ 2017-10-13T18:19:16+08:00 ] 127.0.0.1 127.0.0.1 GET /php/project/lezhu/public/index/property/index.html
[ info ] localhost/php/project/lezhu/public/index/property/index.html [运行时间：0.041002s][吞吐率：24.39req/s] [内存消耗：3,368.16kb] [文件加载：48]
[ info ] [ LANG ] D:\wamp64\www\php\project\lezhu\thinkphp\lang\zh-cn.php
[ info ] [ ROUTE ] array (
  'type' => 'module',
  'module' => 
  array (
    0 => 'index',
    1 => 'property',
    2 => 'index',
  ),
)
[ info ] [ HEADER ] array (
  'host' => 'localhost',
  'user-agent' => 'Mozilla/5.0 (Windows NT 6.1; WOW64; rv:56.0) Gecko/20100101 Firefox/56.0',
  'accept' => 'text/html,application/xhtml+xml,application/xml;q=0.9,*/*;q=0.8',
  'accept-language' => 'zh-CN,zh;q=0.8,en-US;q=0.5,en;q=0.3',
  'accept-encoding' => 'gzip, deflate',
  'referer' => 'http://localhost/php/project/lezhu/public/index/index/index.html',
  'connection' => 'keep-alive',
  'upgrade-insecure-requests' => '1',
)
[ info ] [ PARAM ] array (
)
[ info ] [ RUN ] app\index\controller\Property->index[ D:\wamp64\www\php\project\lezhu\application\index\controller\Property.php ]
[ info ] [ VIEW ] D:\wamp64\www\php\project\lezhu\public/../application/index\view\property\index.html [ array (
) ]
[ info ] [ LOG ] INIT File
---------------------------------------------------------------
[ 2017-10-13T18:19:22+08:00 ] 127.0.0.1 127.0.0.1 GET /php/project/lezhu/public/index/develop/index.html
[ info ] localhost/php/project/lezhu/public/index/develop/index.html [运行时间：0.043002s][吞吐率：23.25req/s] [内存消耗：3,374.48kb] [文件加载：48]
[ info ] [ LANG ] D:\wamp64\www\php\project\lezhu\thinkphp\lang\zh-cn.php
[ info ] [ ROUTE ] array (
  'type' => 'module',
  'module' => 
  array (
    0 => 'index',
    1 => 'develop',
    2 => 'index',
  ),
)
[ info ] [ HEADER ] array (
  'host' => 'localhost',
  'user-agent' => 'Mozilla/5.0 (Windows NT 6.1; WOW64; rv:56.0) Gecko/20100101 Firefox/56.0',
  'accept' => 'text/html,application/xhtml+xml,application/xml;q=0.9,*/*;q=0.8',
  'accept-language' => 'zh-CN,zh;q=0.8,en-US;q=0.5,en;q=0.3',
  'accept-encoding' => 'gzip, deflate',
  'referer' => 'http://localhost/php/project/lezhu/public/index/property/index.html',
  'connection' => 'keep-alive',
  'upgrade-insecure-requests' => '1',
)
[ info ] [ PARAM ] array (
)
[ info ] [ RUN ] app\index\controller\Develop->index[ D:\wamp64\www\php\project\lezhu\application\index\controller\Develop.php ]
[ info ] [ VIEW ] D:\wamp64\www\php\project\lezhu\public/../application/index\view\develop\index.html [ array (
) ]
[ info ] [ LOG ] INIT File
---------------------------------------------------------------
[ 2017-10-13T18:19:40+08:00 ] 127.0.0.1 127.0.0.1 GET /php/project/lezhu/public/index/develop/index.html
[ info ] localhost/php/project/lezhu/public/index/develop/index.html [运行时间：0.039002s][吞吐率：25.64req/s] [内存消耗：3,110.94kb] [文件加载：46]
[ info ] [ LANG ] D:\wamp64\www\php\project\lezhu\thinkphp\lang\zh-cn.php
[ info ] [ ROUTE ] array (
  'type' => 'module',
  'module' => 
  array (
    0 => 'index',
    1 => 'develop',
    2 => 'index',
  ),
)
[ info ] [ HEADER ] array (
  'host' => 'localhost',
  'user-agent' => 'Mozilla/5.0 (Windows NT 6.1; WOW64; rv:56.0) Gecko/20100101 Firefox/56.0',
  'accept' => 'text/html,application/xhtml+xml,application/xml;q=0.9,*/*;q=0.8',
  'accept-language' => 'zh-CN,zh;q=0.8,en-US;q=0.5,en;q=0.3',
  'accept-encoding' => 'gzip, deflate',
  'referer' => 'http://localhost/php/project/lezhu/public/index/develop/index.html',
  'connection' => 'keep-alive',
  'upgrade-insecure-requests' => '1',
)
[ info ] [ PARAM ] array (
)
[ info ] [ RUN ] app\index\controller\Develop->index[ D:\wamp64\www\php\project\lezhu\application\index\controller\Develop.php ]
[ info ] [ VIEW ] D:\wamp64\www\php\project\lezhu\public/../application/index\view\develop\index.html [ array (
) ]
[ info ] [ LOG ] INIT File
---------------------------------------------------------------
[ 2017-10-13T18:19:42+08:00 ] 127.0.0.1 127.0.0.1 GET /php/project/lezhu/public/index/property/index.html
[ info ] localhost/php/project/lezhu/public/index/property/index.html [运行时间：0.041002s][吞吐率：24.39req/s] [内存消耗：3,111.16kb] [文件加载：46]
[ info ] [ LANG ] D:\wamp64\www\php\project\lezhu\thinkphp\lang\zh-cn.php
[ info ] [ ROUTE ] array (
  'type' => 'module',
  'module' => 
  array (
    0 => 'index',
    1 => 'property',
    2 => 'index',
  ),
)
[ info ] [ HEADER ] array (
  'host' => 'localhost',
  'user-agent' => 'Mozilla/5.0 (Windows NT 6.1; WOW64; rv:56.0) Gecko/20100101 Firefox/56.0',
  'accept' => 'text/html,application/xhtml+xml,application/xml;q=0.9,*/*;q=0.8',
  'accept-language' => 'zh-CN,zh;q=0.8,en-US;q=0.5,en;q=0.3',
  'accept-encoding' => 'gzip, deflate',
  'referer' => 'http://localhost/php/project/lezhu/public/index/develop/index.html',
  'connection' => 'keep-alive',
  'upgrade-insecure-requests' => '1',
)
[ info ] [ PARAM ] array (
)
[ info ] [ RUN ] app\index\controller\Property->index[ D:\wamp64\www\php\project\lezhu\application\index\controller\Property.php ]
[ info ] [ VIEW ] D:\wamp64\www\php\project\lezhu\public/../application/index\view\property\index.html [ array (
) ]
[ info ] [ LOG ] INIT File
---------------------------------------------------------------
[ 2017-10-13T18:19:45+08:00 ] 127.0.0.1 127.0.0.1 GET /php/project/lezhu/public/index/newslist/index.html
[ info ] localhost/php/project/lezhu/public/index/newslist/index.html [运行时间：0.064004s][吞吐率：15.62req/s] [内存消耗：3,379.49kb] [文件加载：48]
[ info ] [ LANG ] D:\wamp64\www\php\project\lezhu\thinkphp\lang\zh-cn.php
[ info ] [ ROUTE ] array (
  'type' => 'module',
  'module' => 
  array (
    0 => 'index',
    1 => 'newslist',
    2 => 'index',
  ),
)
[ info ] [ HEADER ] array (
  'host' => 'localhost',
  'user-agent' => 'Mozilla/5.0 (Windows NT 6.1; WOW64; rv:56.0) Gecko/20100101 Firefox/56.0',
  'accept' => 'text/html,application/xhtml+xml,application/xml;q=0.9,*/*;q=0.8',
  'accept-language' => 'zh-CN,zh;q=0.8,en-US;q=0.5,en;q=0.3',
  'accept-encoding' => 'gzip, deflate',
  'referer' => 'http://localhost/php/project/lezhu/public/index/property/index.html',
  'connection' => 'keep-alive',
  'upgrade-insecure-requests' => '1',
)
[ info ] [ PARAM ] array (
)
[ info ] [ RUN ] app\index\controller\Newslist->index[ D:\wamp64\www\php\project\lezhu\application\index\controller\Newslist.php ]
[ info ] [ VIEW ] D:\wamp64\www\php\project\lezhu\public/../application/index\view\newslist\index.html [ array (
) ]
[ info ] [ LOG ] INIT File
---------------------------------------------------------------
[ 2017-10-13T18:19:52+08:00 ] 127.0.0.1 127.0.0.1 GET /php/project/lezhu/public/index/connectus/index.html
[ info ] localhost/php/project/lezhu/public/index/connectus/index.html [运行时间：0.040003s][吞吐率：25.00req/s] [内存消耗：3,367.59kb] [文件加载：48]
[ info ] [ LANG ] D:\wamp64\www\php\project\lezhu\thinkphp\lang\zh-cn.php
[ info ] [ ROUTE ] array (
  'type' => 'module',
  'module' => 
  array (
    0 => 'index',
    1 => 'connectus',
    2 => 'index',
  ),
)
[ info ] [ HEADER ] array (
  'host' => 'localhost',
  'user-agent' => 'Mozilla/5.0 (Windows NT 6.1; WOW64; rv:56.0) Gecko/20100101 Firefox/56.0',
  'accept' => 'text/html,application/xhtml+xml,application/xml;q=0.9,*/*;q=0.8',
  'accept-language' => 'zh-CN,zh;q=0.8,en-US;q=0.5,en;q=0.3',
  'accept-encoding' => 'gzip, deflate',
  'referer' => 'http://localhost/php/project/lezhu/public/index/newslist/index.html',
  'connection' => 'keep-alive',
  'upgrade-insecure-requests' => '1',
)
[ info ] [ PARAM ] array (
)
[ info ] [ RUN ] app\index\controller\Connectus->index[ D:\wamp64\www\php\project\lezhu\application\index\controller\Connectus.php ]
[ info ] [ VIEW ] D:\wamp64\www\php\project\lezhu\public/../application/index\view\connectus\index.html [ array (
) ]
[ info ] [ LOG ] INIT File
---------------------------------------------------------------
[ 2017-10-13T18:20:04+08:00 ] 127.0.0.1 127.0.0.1 GET /php/project/lezhu/public/index/getapp/index.html
[ info ] localhost/php/project/lezhu/public/index/getapp/index.html [运行时间：0.062003s][吞吐率：16.13req/s] [内存消耗：3,361.55kb] [文件加载：48]
[ info ] [ LANG ] D:\wamp64\www\php\project\lezhu\thinkphp\lang\zh-cn.php
[ info ] [ ROUTE ] array (
  'type' => 'module',
  'module' => 
  array (
    0 => 'index',
    1 => 'getapp',
    2 => 'index',
  ),
)
[ info ] [ HEADER ] array (
  'host' => 'localhost',
  'user-agent' => 'Mozilla/5.0 (Windows NT 6.1; WOW64; rv:56.0) Gecko/20100101 Firefox/56.0',
  'accept' => 'text/html,application/xhtml+xml,application/xml;q=0.9,*/*;q=0.8',
  'accept-language' => 'zh-CN,zh;q=0.8,en-US;q=0.5,en;q=0.3',
  'accept-encoding' => 'gzip, deflate',
  'referer' => 'http://localhost/php/project/lezhu/public/index/connectus/index.html',
  'connection' => 'keep-alive',
  'upgrade-insecure-requests' => '1',
)
[ info ] [ PARAM ] array (
)
[ info ] [ RUN ] app\index\controller\Getapp->index[ D:\wamp64\www\php\project\lezhu\application\index\controller\Getapp.php ]
[ info ] [ VIEW ] D:\wamp64\www\php\project\lezhu\public/../application/index\view\getapp\index.html [ array (
) ]
[ info ] [ LOG ] INIT File
---------------------------------------------------------------
[ 2017-10-13T18:20:08+08:00 ] 127.0.0.1 127.0.0.1 GET /php/project/lezhu/public/index/connectus/index.html
[ info ] localhost/php/project/lezhu/public/index/connectus/index.html [运行时间：0.039003s][吞吐率：25.64req/s] [内存消耗：3,111.14kb] [文件加载：46]
[ info ] [ LANG ] D:\wamp64\www\php\project\lezhu\thinkphp\lang\zh-cn.php
[ info ] [ ROUTE ] array (
  'type' => 'module',
  'module' => 
  array (
    0 => 'index',
    1 => 'connectus',
    2 => 'index',
  ),
)
[ info ] [ HEADER ] array (
  'host' => 'localhost',
  'user-agent' => 'Mozilla/5.0 (Windows NT 6.1; WOW64; rv:56.0) Gecko/20100101 Firefox/56.0',
  'accept' => 'text/html,application/xhtml+xml,application/xml;q=0.9,*/*;q=0.8',
  'accept-language' => 'zh-CN,zh;q=0.8,en-US;q=0.5,en;q=0.3',
  'accept-encoding' => 'gzip, deflate',
  'referer' => 'http://localhost/php/project/lezhu/public/index/getapp/index.html',
  'connection' => 'keep-alive',
  'upgrade-insecure-requests' => '1',
)
[ info ] [ PARAM ] array (
)
[ info ] [ RUN ] app\index\controller\Connectus->index[ D:\wamp64\www\php\project\lezhu\application\index\controller\Connectus.php ]
[ info ] [ VIEW ] D:\wamp64\www\php\project\lezhu\public/../application/index\view\connectus\index.html [ array (
) ]
[ info ] [ LOG ] INIT File
