---------------------------------------------------------------
[ 2017-10-18T14:54:32+08:00 ] ::1 ::1 GET /php/project/lezhu/public/
[ info ] localhost/php/project/lezhu/public/ [运行时间：0.481027s][吞吐率：2.08req/s] [内存消耗：3,134.66kb] [文件加载：46]
[ info ] [ LANG ] D:\wamp64\www\php\project\lezhu\thinkphp\lang\zh-cn.php
[ info ] [ ROUTE ] array (
  'type' => 'module',
  'module' => 
  array (
    0 => '',
    1 => NULL,
    2 => NULL,
  ),
)
[ info ] [ HEADER ] array (
  'host' => 'localhost',
  'connection' => 'keep-alive',
  'upgrade-insecure-requests' => '1',
  'user-agent' => 'Mozilla/5.0 (Windows NT 6.1; WOW64) AppleWebKit/537.36 (KHTML, like Gecko) Chrome/58.0.3029.81 Safari/537.36',
  'accept' => 'text/html,application/xhtml+xml,application/xml;q=0.9,image/webp,*/*;q=0.8',
  'referer' => 'http://localhost/php/project/lezhu/',
  'accept-encoding' => 'gzip, deflate, sdch, br',
  'accept-language' => 'zh-CN,zh;q=0.8',
  'cookie' => 'pgv_pvi=2875119616',
)
[ info ] [ PARAM ] array (
)
[ info ] [ RUN ] app\index\controller\Index->index[ D:\wamp64\www\php\project\lezhu\application\index\controller\Index.php ]
[ info ] [ VIEW ] D:\wamp64\www\php\project\lezhu\public/../application/index\view\index\index.html [ array (
) ]
[ info ] [ LOG ] INIT File
---------------------------------------------------------------
[ 2017-10-18T14:54:58+08:00 ] ::1 ::1 GET /php/project/lezhu/public/index/newslist/index.html
[ info ] localhost/php/project/lezhu/public/index/newslist/index.html [运行时间：0.050003s][吞吐率：20.00req/s] [内存消耗：3,111.32kb] [文件加载：46]
[ info ] [ LANG ] D:\wamp64\www\php\project\lezhu\thinkphp\lang\zh-cn.php
[ info ] [ ROUTE ] array (
  'type' => 'module',
  'module' => 
  array (
    0 => 'index',
    1 => 'newslist',
    2 => 'index',
  ),
)
[ info ] [ HEADER ] array (
  'host' => 'localhost',
  'connection' => 'keep-alive',
  'upgrade-insecure-requests' => '1',
  'user-agent' => 'Mozilla/5.0 (Windows NT 6.1; WOW64) AppleWebKit/537.36 (KHTML, like Gecko) Chrome/58.0.3029.81 Safari/537.36',
  'accept' => 'text/html,application/xhtml+xml,application/xml;q=0.9,image/webp,*/*;q=0.8',
  'referer' => 'http://localhost/php/project/lezhu/public/',
  'accept-encoding' => 'gzip, deflate, sdch, br',
  'accept-language' => 'zh-CN,zh;q=0.8',
  'cookie' => 'pgv_pvi=2875119616',
)
[ info ] [ PARAM ] array (
)
[ info ] [ RUN ] app\index\controller\Newslist->index[ D:\wamp64\www\php\project\lezhu\application\index\controller\Newslist.php ]
[ info ] [ VIEW ] D:\wamp64\www\php\project\lezhu\public/../application/index\view\newslist\index.html [ array (
) ]
[ info ] [ LOG ] INIT File
---------------------------------------------------------------
[ 2017-10-18T14:55:03+08:00 ] ::1 ::1 GET /php/project/lezhu/public/index/index/index.html
[ info ] localhost/php/project/lezhu/public/index/index/index.html [运行时间：0.055003s][吞吐率：18.18req/s] [内存消耗：3,135.23kb] [文件加载：46]
[ info ] [ LANG ] D:\wamp64\www\php\project\lezhu\thinkphp\lang\zh-cn.php
[ info ] [ ROUTE ] array (
  'type' => 'module',
  'module' => 
  array (
    0 => 'index',
    1 => 'index',
    2 => 'index',
  ),
)
[ info ] [ HEADER ] array (
  'host' => 'localhost',
  'connection' => 'keep-alive',
  'upgrade-insecure-requests' => '1',
  'user-agent' => 'Mozilla/5.0 (Windows NT 6.1; WOW64) AppleWebKit/537.36 (KHTML, like Gecko) Chrome/58.0.3029.81 Safari/537.36',
  'accept' => 'text/html,application/xhtml+xml,application/xml;q=0.9,image/webp,*/*;q=0.8',
  'referer' => 'http://localhost/php/project/lezhu/public/index/newslist/index.html',
  'accept-encoding' => 'gzip, deflate, sdch, br',
  'accept-language' => 'zh-CN,zh;q=0.8',
  'cookie' => 'pgv_pvi=2875119616',
)
[ info ] [ PARAM ] array (
)
[ info ] [ RUN ] app\index\controller\Index->index[ D:\wamp64\www\php\project\lezhu\application\index\controller\Index.php ]
[ info ] [ VIEW ] D:\wamp64\www\php\project\lezhu\public/../application/index\view\index\index.html [ array (
) ]
[ info ] [ LOG ] INIT File
---------------------------------------------------------------
[ 2017-10-18T14:55:10+08:00 ] ::1 ::1 GET /php/project/lezhu/public/index/newslist/index.html
[ info ] localhost/php/project/lezhu/public/index/newslist/index.html [运行时间：0.048003s][吞吐率：20.83req/s] [内存消耗：3,111.41kb] [文件加载：46]
[ info ] [ LANG ] D:\wamp64\www\php\project\lezhu\thinkphp\lang\zh-cn.php
[ info ] [ ROUTE ] array (
  'type' => 'module',
  'module' => 
  array (
    0 => 'index',
    1 => 'newslist',
    2 => 'index',
  ),
)
[ info ] [ HEADER ] array (
  'host' => 'localhost',
  'connection' => 'keep-alive',
  'upgrade-insecure-requests' => '1',
  'user-agent' => 'Mozilla/5.0 (Windows NT 6.1; WOW64) AppleWebKit/537.36 (KHTML, like Gecko) Chrome/58.0.3029.81 Safari/537.36',
  'accept' => 'text/html,application/xhtml+xml,application/xml;q=0.9,image/webp,*/*;q=0.8',
  'referer' => 'http://localhost/php/project/lezhu/public/index/index/index.html',
  'accept-encoding' => 'gzip, deflate, sdch, br',
  'accept-language' => 'zh-CN,zh;q=0.8',
  'cookie' => 'pgv_pvi=2875119616',
)
[ info ] [ PARAM ] array (
)
[ info ] [ RUN ] app\index\controller\Newslist->index[ D:\wamp64\www\php\project\lezhu\application\index\controller\Newslist.php ]
[ info ] [ VIEW ] D:\wamp64\www\php\project\lezhu\public/../application/index\view\newslist\index.html [ array (
) ]
[ info ] [ LOG ] INIT File
---------------------------------------------------------------
[ 2017-10-18T14:55:15+08:00 ] ::1 ::1 GET /php/project/lezhu/public/index/connectus/index.html
[ info ] localhost/php/project/lezhu/public/index/connectus/index.html [运行时间：0.066004s][吞吐率：15.15req/s] [内存消耗：3,111.48kb] [文件加载：46]
[ info ] [ LANG ] D:\wamp64\www\php\project\lezhu\thinkphp\lang\zh-cn.php
[ info ] [ ROUTE ] array (
  'type' => 'module',
  'module' => 
  array (
    0 => 'index',
    1 => 'connectus',
    2 => 'index',
  ),
)
[ info ] [ HEADER ] array (
  'host' => 'localhost',
  'connection' => 'keep-alive',
  'upgrade-insecure-requests' => '1',
  'user-agent' => 'Mozilla/5.0 (Windows NT 6.1; WOW64) AppleWebKit/537.36 (KHTML, like Gecko) Chrome/58.0.3029.81 Safari/537.36',
  'accept' => 'text/html,application/xhtml+xml,application/xml;q=0.9,image/webp,*/*;q=0.8',
  'referer' => 'http://localhost/php/project/lezhu/public/index/newslist/index.html',
  'accept-encoding' => 'gzip, deflate, sdch, br',
  'accept-language' => 'zh-CN,zh;q=0.8',
  'cookie' => 'pgv_pvi=2875119616',
)
[ info ] [ PARAM ] array (
)
[ info ] [ RUN ] app\index\controller\Connectus->index[ D:\wamp64\www\php\project\lezhu\application\index\controller\Connectus.php ]
[ info ] [ VIEW ] D:\wamp64\www\php\project\lezhu\public/../application/index\view\connectus\index.html [ array (
) ]
[ info ] [ LOG ] INIT File
---------------------------------------------------------------
[ 2017-10-18T14:56:10+08:00 ] ::1 ::1 GET /php/project/lezhu/public/index/connectus/index.html
[ info ] localhost/php/project/lezhu/public/index/connectus/index.html [运行时间：0.046003s][吞吐率：21.74req/s] [内存消耗：3,111.70kb] [文件加载：46]
[ info ] [ LANG ] D:\wamp64\www\php\project\lezhu\thinkphp\lang\zh-cn.php
[ info ] [ ROUTE ] array (
  'type' => 'module',
  'module' => 
  array (
    0 => 'index',
    1 => 'connectus',
    2 => 'index',
  ),
)
[ info ] [ HEADER ] array (
  'host' => 'localhost',
  'connection' => 'keep-alive',
  'cache-control' => 'max-age=0',
  'upgrade-insecure-requests' => '1',
  'user-agent' => 'Mozilla/5.0 (Windows NT 6.1; WOW64) AppleWebKit/537.36 (KHTML, like Gecko) Chrome/58.0.3029.81 Safari/537.36',
  'accept' => 'text/html,application/xhtml+xml,application/xml;q=0.9,image/webp,*/*;q=0.8',
  'referer' => 'http://localhost/php/project/lezhu/public/index/newslist/index.html',
  'accept-encoding' => 'gzip, deflate, sdch, br',
  'accept-language' => 'zh-CN,zh;q=0.8',
  'cookie' => 'pgv_pvi=2875119616',
)
[ info ] [ PARAM ] array (
)
[ info ] [ RUN ] app\index\controller\Connectus->index[ D:\wamp64\www\php\project\lezhu\application\index\controller\Connectus.php ]
[ info ] [ VIEW ] D:\wamp64\www\php\project\lezhu\public/../application/index\view\connectus\index.html [ array (
) ]
[ info ] [ LOG ] INIT File
---------------------------------------------------------------
[ 2017-10-18T14:56:22+08:00 ] ::1 ::1 GET /php/project/lezhu/public/index/newslist/index.html
[ info ] localhost/php/project/lezhu/public/index/newslist/index.html [运行时间：0.048002s][吞吐率：20.83req/s] [内存消耗：3,111.29kb] [文件加载：46]
[ info ] [ LANG ] D:\wamp64\www\php\project\lezhu\thinkphp\lang\zh-cn.php
[ info ] [ ROUTE ] array (
  'type' => 'module',
  'module' => 
  array (
    0 => 'index',
    1 => 'newslist',
    2 => 'index',
  ),
)
[ info ] [ HEADER ] array (
  'host' => 'localhost',
  'connection' => 'keep-alive',
  'upgrade-insecure-requests' => '1',
  'user-agent' => 'Mozilla/5.0 (Windows NT 6.1; WOW64) AppleWebKit/537.36 (KHTML, like Gecko) Chrome/58.0.3029.81 Safari/537.36',
  'accept' => 'text/html,application/xhtml+xml,application/xml;q=0.9,image/webp,*/*;q=0.8',
  'referer' => 'http://localhost/php/project/lezhu/public/index/connectus/index.html',
  'accept-encoding' => 'gzip, deflate, sdch, br',
  'accept-language' => 'zh-CN,zh;q=0.8',
  'cookie' => 'pgv_pvi=2875119616',
)
[ info ] [ PARAM ] array (
)
[ info ] [ RUN ] app\index\controller\Newslist->index[ D:\wamp64\www\php\project\lezhu\application\index\controller\Newslist.php ]
[ info ] [ VIEW ] D:\wamp64\www\php\project\lezhu\public/../application/index\view\newslist\index.html [ array (
) ]
[ info ] [ LOG ] INIT File
---------------------------------------------------------------
[ 2017-10-18T14:56:23+08:00 ] ::1 ::1 GET /php/project/lezhu/public/index/connectus/index.html
[ info ] localhost/php/project/lezhu/public/index/connectus/index.html [运行时间：0.047002s][吞吐率：21.28req/s] [内存消耗：3,111.48kb] [文件加载：46]
[ info ] [ LANG ] D:\wamp64\www\php\project\lezhu\thinkphp\lang\zh-cn.php
[ info ] [ ROUTE ] array (
  'type' => 'module',
  'module' => 
  array (
    0 => 'index',
    1 => 'connectus',
    2 => 'index',
  ),
)
[ info ] [ HEADER ] array (
  'host' => 'localhost',
  'connection' => 'keep-alive',
  'upgrade-insecure-requests' => '1',
  'user-agent' => 'Mozilla/5.0 (Windows NT 6.1; WOW64) AppleWebKit/537.36 (KHTML, like Gecko) Chrome/58.0.3029.81 Safari/537.36',
  'accept' => 'text/html,application/xhtml+xml,application/xml;q=0.9,image/webp,*/*;q=0.8',
  'referer' => 'http://localhost/php/project/lezhu/public/index/newslist/index.html',
  'accept-encoding' => 'gzip, deflate, sdch, br',
  'accept-language' => 'zh-CN,zh;q=0.8',
  'cookie' => 'pgv_pvi=2875119616',
)
[ info ] [ PARAM ] array (
)
[ info ] [ RUN ] app\index\controller\Connectus->index[ D:\wamp64\www\php\project\lezhu\application\index\controller\Connectus.php ]
[ info ] [ VIEW ] D:\wamp64\www\php\project\lezhu\public/../application/index\view\connectus\index.html [ array (
) ]
[ info ] [ LOG ] INIT File
---------------------------------------------------------------
[ 2017-10-18T14:56:23+08:00 ] ::1 ::1 GET /php/project/lezhu/public/index/getapp/index.html
[ info ] localhost/php/project/lezhu/public/index/getapp/index.html [运行时间：0.053003s][吞吐率：18.87req/s] [内存消耗：3,111.35kb] [文件加载：46]
[ info ] [ LANG ] D:\wamp64\www\php\project\lezhu\thinkphp\lang\zh-cn.php
[ info ] [ ROUTE ] array (
  'type' => 'module',
  'module' => 
  array (
    0 => 'index',
    1 => 'getapp',
    2 => 'index',
  ),
)
[ info ] [ HEADER ] array (
  'host' => 'localhost',
  'connection' => 'keep-alive',
  'upgrade-insecure-requests' => '1',
  'user-agent' => 'Mozilla/5.0 (Windows NT 6.1; WOW64) AppleWebKit/537.36 (KHTML, like Gecko) Chrome/58.0.3029.81 Safari/537.36',
  'accept' => 'text/html,application/xhtml+xml,application/xml;q=0.9,image/webp,*/*;q=0.8',
  'referer' => 'http://localhost/php/project/lezhu/public/index/connectus/index.html',
  'accept-encoding' => 'gzip, deflate, sdch, br',
  'accept-language' => 'zh-CN,zh;q=0.8',
  'cookie' => 'pgv_pvi=2875119616',
)
[ info ] [ PARAM ] array (
)
[ info ] [ RUN ] app\index\controller\Getapp->index[ D:\wamp64\www\php\project\lezhu\application\index\controller\Getapp.php ]
[ info ] [ VIEW ] D:\wamp64\www\php\project\lezhu\public/../application/index\view\getapp\index.html [ array (
) ]
[ info ] [ LOG ] INIT File
---------------------------------------------------------------
[ 2017-10-18T14:56:25+08:00 ] ::1 ::1 GET /php/project/lezhu/public/index/connectus/index.html
[ info ] localhost/php/project/lezhu/public/index/connectus/index.html [运行时间：0.052003s][吞吐率：19.23req/s] [内存消耗：3,111.48kb] [文件加载：46]
[ info ] [ LANG ] D:\wamp64\www\php\project\lezhu\thinkphp\lang\zh-cn.php
[ info ] [ ROUTE ] array (
  'type' => 'module',
  'module' => 
  array (
    0 => 'index',
    1 => 'connectus',
    2 => 'index',
  ),
)
[ info ] [ HEADER ] array (
  'host' => 'localhost',
  'connection' => 'keep-alive',
  'upgrade-insecure-requests' => '1',
  'user-agent' => 'Mozilla/5.0 (Windows NT 6.1; WOW64) AppleWebKit/537.36 (KHTML, like Gecko) Chrome/58.0.3029.81 Safari/537.36',
  'accept' => 'text/html,application/xhtml+xml,application/xml;q=0.9,image/webp,*/*;q=0.8',
  'referer' => 'http://localhost/php/project/lezhu/public/index/getapp/index.html',
  'accept-encoding' => 'gzip, deflate, sdch, br',
  'accept-language' => 'zh-CN,zh;q=0.8',
  'cookie' => 'pgv_pvi=2875119616',
)
[ info ] [ PARAM ] array (
)
[ info ] [ RUN ] app\index\controller\Connectus->index[ D:\wamp64\www\php\project\lezhu\application\index\controller\Connectus.php ]
[ info ] [ VIEW ] D:\wamp64\www\php\project\lezhu\public/../application/index\view\connectus\index.html [ array (
) ]
[ info ] [ LOG ] INIT File
---------------------------------------------------------------
[ 2017-10-18T14:56:32+08:00 ] ::1 ::1 GET /php/project/lezhu/public/index/index/index.html
[ info ] localhost/php/project/lezhu/public/index/index/index.html [运行时间：0.046002s][吞吐率：21.74req/s] [内存消耗：3,135.25kb] [文件加载：46]
[ info ] [ LANG ] D:\wamp64\www\php\project\lezhu\thinkphp\lang\zh-cn.php
[ info ] [ ROUTE ] array (
  'type' => 'module',
  'module' => 
  array (
    0 => 'index',
    1 => 'index',
    2 => 'index',
  ),
)
[ info ] [ HEADER ] array (
  'host' => 'localhost',
  'connection' => 'keep-alive',
  'upgrade-insecure-requests' => '1',
  'user-agent' => 'Mozilla/5.0 (Windows NT 6.1; WOW64) AppleWebKit/537.36 (KHTML, like Gecko) Chrome/58.0.3029.81 Safari/537.36',
  'accept' => 'text/html,application/xhtml+xml,application/xml;q=0.9,image/webp,*/*;q=0.8',
  'referer' => 'http://localhost/php/project/lezhu/public/index/connectus/index.html',
  'accept-encoding' => 'gzip, deflate, sdch, br',
  'accept-language' => 'zh-CN,zh;q=0.8',
  'cookie' => 'pgv_pvi=2875119616',
)
[ info ] [ PARAM ] array (
)
[ info ] [ RUN ] app\index\controller\Index->index[ D:\wamp64\www\php\project\lezhu\application\index\controller\Index.php ]
[ info ] [ VIEW ] D:\wamp64\www\php\project\lezhu\public/../application/index\view\index\index.html [ array (
) ]
[ info ] [ LOG ] INIT File
