---------------------------------------------------------------
[ 2017-10-20T09:21:05+08:00 ] ::1 ::1 GET /lezhu_pc/2/lezhuPCserver/public/
[ info ] localhost:88/lezhu_pc/2/lezhuPCserver/public/ [运行时间：0.047003s][吞吐率：21.28req/s] [内存消耗：3,159.52kb] [文件加载：46]
[ info ] [ LANG ] E:\Tools\wampserver3.0.6\program\wamp64\www\lezhu_pc\2\lezhuPCserver\thinkphp\lang\zh-cn.php
[ info ] [ ROUTE ] array (
  'type' => 'module',
  'module' => 
  array (
    0 => '',
    1 => NULL,
    2 => NULL,
  ),
)
[ info ] [ HEADER ] array (
  'host' => 'localhost:88',
  'connection' => 'keep-alive',
  'upgrade-insecure-requests' => '1',
  'user-agent' => 'Mozilla/5.0 (Windows NT 6.1; WOW64) AppleWebKit/537.36 (KHTML, like Gecko) Chrome/59.0.3071.115 Safari/537.36',
  'accept' => 'text/html,application/xhtml+xml,application/xml;q=0.9,image/webp,image/apng,*/*;q=0.8',
  'referer' => 'http://localhost:88/lezhu_pc/2/lezhuPCserver/',
  'accept-encoding' => 'gzip, deflate, br',
  'accept-language' => 'zh-CN,zh;q=0.8',
  'cookie' => 'PHPSESSID=g1kotl2ifqqak0rvma6an7nml6',
)
[ info ] [ PARAM ] array (
)
[ info ] [ RUN ] app\index\controller\Index->index[ E:\Tools\wampserver3.0.6\program\wamp64\www\lezhu_pc\2\lezhuPCserver\application\index\controller\Index.php ]
[ info ] [ VIEW ] E:\Tools\wampserver3.0.6\program\wamp64\www\lezhu_pc\2\lezhuPCserver\public/../application/index\view\index\index.html [ array (
) ]
[ info ] [ LOG ] INIT File
---------------------------------------------------------------
[ 2017-10-20T09:21:09+08:00 ] ::1 ::1 GET /lezhu_pc/2/lezhuPCserver/public/index/property/index.html
[ info ] localhost:88/lezhu_pc/2/lezhuPCserver/public/index/property/index.html [运行时间：0.055003s][吞吐率：18.18req/s] [内存消耗：3,135.88kb] [文件加载：46]
[ info ] [ LANG ] E:\Tools\wampserver3.0.6\program\wamp64\www\lezhu_pc\2\lezhuPCserver\thinkphp\lang\zh-cn.php
[ info ] [ ROUTE ] array (
  'type' => 'module',
  'module' => 
  array (
    0 => 'index',
    1 => 'property',
    2 => 'index',
  ),
)
[ info ] [ HEADER ] array (
  'host' => 'localhost:88',
  'connection' => 'keep-alive',
  'upgrade-insecure-requests' => '1',
  'user-agent' => 'Mozilla/5.0 (Windows NT 6.1; WOW64) AppleWebKit/537.36 (KHTML, like Gecko) Chrome/59.0.3071.115 Safari/537.36',
  'accept' => 'text/html,application/xhtml+xml,application/xml;q=0.9,image/webp,image/apng,*/*;q=0.8',
  'referer' => 'http://localhost:88/lezhu_pc/2/lezhuPCserver/public/',
  'accept-encoding' => 'gzip, deflate, br',
  'accept-language' => 'zh-CN,zh;q=0.8',
  'cookie' => 'PHPSESSID=g1kotl2ifqqak0rvma6an7nml6',
)
[ info ] [ PARAM ] array (
)
[ info ] [ RUN ] app\index\controller\Property->index[ E:\Tools\wampserver3.0.6\program\wamp64\www\lezhu_pc\2\lezhuPCserver\application\index\controller\Property.php ]
[ info ] [ VIEW ] E:\Tools\wampserver3.0.6\program\wamp64\www\lezhu_pc\2\lezhuPCserver\public/../application/index\view\property\index.html [ array (
) ]
[ info ] [ LOG ] INIT File
---------------------------------------------------------------
[ 2017-10-20T09:21:11+08:00 ] ::1 ::1 GET /lezhu_pc/2/lezhuPCserver/public/index/advertise/index.html
[ info ] localhost:88/lezhu_pc/2/lezhuPCserver/public/index/advertise/index.html [运行时间：0.064004s][吞吐率：15.62req/s] [内存消耗：3,136.08kb] [文件加载：46]
[ info ] [ LANG ] E:\Tools\wampserver3.0.6\program\wamp64\www\lezhu_pc\2\lezhuPCserver\thinkphp\lang\zh-cn.php
[ info ] [ ROUTE ] array (
  'type' => 'module',
  'module' => 
  array (
    0 => 'index',
    1 => 'advertise',
    2 => 'index',
  ),
)
[ info ] [ HEADER ] array (
  'host' => 'localhost:88',
  'connection' => 'keep-alive',
  'upgrade-insecure-requests' => '1',
  'user-agent' => 'Mozilla/5.0 (Windows NT 6.1; WOW64) AppleWebKit/537.36 (KHTML, like Gecko) Chrome/59.0.3071.115 Safari/537.36',
  'accept' => 'text/html,application/xhtml+xml,application/xml;q=0.9,image/webp,image/apng,*/*;q=0.8',
  'referer' => 'http://localhost:88/lezhu_pc/2/lezhuPCserver/public/index/property/index.html',
  'accept-encoding' => 'gzip, deflate, br',
  'accept-language' => 'zh-CN,zh;q=0.8',
  'cookie' => 'PHPSESSID=g1kotl2ifqqak0rvma6an7nml6',
)
[ info ] [ PARAM ] array (
)
[ info ] [ RUN ] app\index\controller\Advertise->index[ E:\Tools\wampserver3.0.6\program\wamp64\www\lezhu_pc\2\lezhuPCserver\application\index\controller\Advertise.php ]
[ info ] [ VIEW ] E:\Tools\wampserver3.0.6\program\wamp64\www\lezhu_pc\2\lezhuPCserver\public/../application/index\view\advertise\index.html [ array (
) ]
[ info ] [ LOG ] INIT File
---------------------------------------------------------------
[ 2017-10-20T09:21:18+08:00 ] ::1 ::1 GET /lezhu_pc/2/lezhuPCserver/public/index/property/index.html
[ info ] localhost:88/lezhu_pc/2/lezhuPCserver/public/index/property/index.html [运行时间：0.051003s][吞吐率：19.61req/s] [内存消耗：3,136.08kb] [文件加载：46]
[ info ] [ LANG ] E:\Tools\wampserver3.0.6\program\wamp64\www\lezhu_pc\2\lezhuPCserver\thinkphp\lang\zh-cn.php
[ info ] [ ROUTE ] array (
  'type' => 'module',
  'module' => 
  array (
    0 => 'index',
    1 => 'property',
    2 => 'index',
  ),
)
[ info ] [ HEADER ] array (
  'host' => 'localhost:88',
  'connection' => 'keep-alive',
  'upgrade-insecure-requests' => '1',
  'user-agent' => 'Mozilla/5.0 (Windows NT 6.1; WOW64) AppleWebKit/537.36 (KHTML, like Gecko) Chrome/59.0.3071.115 Safari/537.36',
  'accept' => 'text/html,application/xhtml+xml,application/xml;q=0.9,image/webp,image/apng,*/*;q=0.8',
  'referer' => 'http://localhost:88/lezhu_pc/2/lezhuPCserver/public/index/advertise/index.html',
  'accept-encoding' => 'gzip, deflate, br',
  'accept-language' => 'zh-CN,zh;q=0.8',
  'cookie' => 'PHPSESSID=g1kotl2ifqqak0rvma6an7nml6',
)
[ info ] [ PARAM ] array (
)
[ info ] [ RUN ] app\index\controller\Property->index[ E:\Tools\wampserver3.0.6\program\wamp64\www\lezhu_pc\2\lezhuPCserver\application\index\controller\Property.php ]
[ info ] [ VIEW ] E:\Tools\wampserver3.0.6\program\wamp64\www\lezhu_pc\2\lezhuPCserver\public/../application/index\view\property\index.html [ array (
) ]
[ info ] [ LOG ] INIT File
---------------------------------------------------------------
[ 2017-10-20T09:21:26+08:00 ] ::1 ::1 GET /lezhu_pc/2/lezhuPCserver/public/index/develop/index.html
[ info ] localhost:88/lezhu_pc/2/lezhuPCserver/public/index/develop/index.html [运行时间：0.056003s][吞吐率：17.86req/s] [内存消耗：3,136.03kb] [文件加载：46]
[ info ] [ LANG ] E:\Tools\wampserver3.0.6\program\wamp64\www\lezhu_pc\2\lezhuPCserver\thinkphp\lang\zh-cn.php
[ info ] [ ROUTE ] array (
  'type' => 'module',
  'module' => 
  array (
    0 => 'index',
    1 => 'develop',
    2 => 'index',
  ),
)
[ info ] [ HEADER ] array (
  'host' => 'localhost:88',
  'connection' => 'keep-alive',
  'upgrade-insecure-requests' => '1',
  'user-agent' => 'Mozilla/5.0 (Windows NT 6.1; WOW64) AppleWebKit/537.36 (KHTML, like Gecko) Chrome/59.0.3071.115 Safari/537.36',
  'accept' => 'text/html,application/xhtml+xml,application/xml;q=0.9,image/webp,image/apng,*/*;q=0.8',
  'referer' => 'http://localhost:88/lezhu_pc/2/lezhuPCserver/public/index/property/index.html',
  'accept-encoding' => 'gzip, deflate, br',
  'accept-language' => 'zh-CN,zh;q=0.8',
  'cookie' => 'PHPSESSID=g1kotl2ifqqak0rvma6an7nml6',
)
[ info ] [ PARAM ] array (
)
[ info ] [ RUN ] app\index\controller\Develop->index[ E:\Tools\wampserver3.0.6\program\wamp64\www\lezhu_pc\2\lezhuPCserver\application\index\controller\Develop.php ]
[ info ] [ VIEW ] E:\Tools\wampserver3.0.6\program\wamp64\www\lezhu_pc\2\lezhuPCserver\public/../application/index\view\develop\index.html [ array (
) ]
[ info ] [ LOG ] INIT File
---------------------------------------------------------------
[ 2017-10-20T09:21:46+08:00 ] ::1 ::1 GET /lezhu_pc/2/lezhuPCserver/public/index/develop/index.html
[ info ] localhost:88/lezhu_pc/2/lezhuPCserver/public/index/develop/index.html [运行时间：0.074005s][吞吐率：13.51req/s] [内存消耗：3,136.03kb] [文件加载：46]
[ info ] [ LANG ] E:\Tools\wampserver3.0.6\program\wamp64\www\lezhu_pc\2\lezhuPCserver\thinkphp\lang\zh-cn.php
[ info ] [ ROUTE ] array (
  'type' => 'module',
  'module' => 
  array (
    0 => 'index',
    1 => 'develop',
    2 => 'index',
  ),
)
[ info ] [ HEADER ] array (
  'host' => 'localhost:88',
  'connection' => 'keep-alive',
  'upgrade-insecure-requests' => '1',
  'user-agent' => 'Mozilla/5.0 (Windows NT 6.1; WOW64) AppleWebKit/537.36 (KHTML, like Gecko) Chrome/59.0.3071.115 Safari/537.36',
  'accept' => 'text/html,application/xhtml+xml,application/xml;q=0.9,image/webp,image/apng,*/*;q=0.8',
  'referer' => 'http://localhost:88/lezhu_pc/2/lezhuPCserver/public/index/develop/index.html',
  'accept-encoding' => 'gzip, deflate, br',
  'accept-language' => 'zh-CN,zh;q=0.8',
  'cookie' => 'PHPSESSID=g1kotl2ifqqak0rvma6an7nml6',
)
[ info ] [ PARAM ] array (
)
[ info ] [ RUN ] app\index\controller\Develop->index[ E:\Tools\wampserver3.0.6\program\wamp64\www\lezhu_pc\2\lezhuPCserver\application\index\controller\Develop.php ]
[ info ] [ VIEW ] E:\Tools\wampserver3.0.6\program\wamp64\www\lezhu_pc\2\lezhuPCserver\public/../application/index\view\develop\index.html [ array (
) ]
[ info ] [ LOG ] INIT File
---------------------------------------------------------------
[ 2017-10-20T09:23:39+08:00 ] ::1 ::1 GET /lezhu_pc/2/lezhuPCserver/public/index/develop/index.html
[ info ] localhost:88/lezhu_pc/2/lezhuPCserver/public/index/develop/index.html [运行时间：0.086004s][吞吐率：11.63req/s] [内存消耗：3,136.42kb] [文件加载：46]
[ info ] [ LANG ] E:\Tools\wampserver3.0.6\program\wamp64\www\lezhu_pc\2\lezhuPCserver\thinkphp\lang\zh-cn.php
[ info ] [ ROUTE ] array (
  'type' => 'module',
  'module' => 
  array (
    0 => 'index',
    1 => 'develop',
    2 => 'index',
  ),
)
[ info ] [ HEADER ] array (
  'host' => 'localhost:88',
  'connection' => 'keep-alive',
  'cache-control' => 'max-age=0',
  'upgrade-insecure-requests' => '1',
  'user-agent' => 'Mozilla/5.0 (Windows NT 6.1; WOW64) AppleWebKit/537.36 (KHTML, like Gecko) Chrome/59.0.3071.115 Safari/537.36',
  'accept' => 'text/html,application/xhtml+xml,application/xml;q=0.9,image/webp,image/apng,*/*;q=0.8',
  'referer' => 'http://localhost:88/lezhu_pc/2/lezhuPCserver/public/index/develop/index.html',
  'accept-encoding' => 'gzip, deflate, br',
  'accept-language' => 'zh-CN,zh;q=0.8',
  'cookie' => 'PHPSESSID=g1kotl2ifqqak0rvma6an7nml6',
)
[ info ] [ PARAM ] array (
)
[ info ] [ RUN ] app\index\controller\Develop->index[ E:\Tools\wampserver3.0.6\program\wamp64\www\lezhu_pc\2\lezhuPCserver\application\index\controller\Develop.php ]
[ info ] [ VIEW ] E:\Tools\wampserver3.0.6\program\wamp64\www\lezhu_pc\2\lezhuPCserver\public/../application/index\view\develop\index.html [ array (
) ]
[ info ] [ LOG ] INIT File
---------------------------------------------------------------
[ 2017-10-20T09:23:50+08:00 ] ::1 ::1 GET /lezhu_pc/2/lezhuPCserver/public/index/develop/index.html
[ info ] localhost:88/lezhu_pc/2/lezhuPCserver/public/index/develop/index.html [运行时间：0.078005s][吞吐率：12.82req/s] [内存消耗：3,136.03kb] [文件加载：46]
[ info ] [ LANG ] E:\Tools\wampserver3.0.6\program\wamp64\www\lezhu_pc\2\lezhuPCserver\thinkphp\lang\zh-cn.php
[ info ] [ ROUTE ] array (
  'type' => 'module',
  'module' => 
  array (
    0 => 'index',
    1 => 'develop',
    2 => 'index',
  ),
)
[ info ] [ HEADER ] array (
  'host' => 'localhost:88',
  'connection' => 'keep-alive',
  'upgrade-insecure-requests' => '1',
  'user-agent' => 'Mozilla/5.0 (Windows NT 6.1; WOW64) AppleWebKit/537.36 (KHTML, like Gecko) Chrome/59.0.3071.115 Safari/537.36',
  'accept' => 'text/html,application/xhtml+xml,application/xml;q=0.9,image/webp,image/apng,*/*;q=0.8',
  'referer' => 'http://localhost:88/lezhu_pc/2/lezhuPCserver/public/index/develop/index.html',
  'accept-encoding' => 'gzip, deflate, br',
  'accept-language' => 'zh-CN,zh;q=0.8',
  'cookie' => 'PHPSESSID=g1kotl2ifqqak0rvma6an7nml6',
)
[ info ] [ PARAM ] array (
)
[ info ] [ RUN ] app\index\controller\Develop->index[ E:\Tools\wampserver3.0.6\program\wamp64\www\lezhu_pc\2\lezhuPCserver\application\index\controller\Develop.php ]
[ info ] [ VIEW ] E:\Tools\wampserver3.0.6\program\wamp64\www\lezhu_pc\2\lezhuPCserver\public/../application/index\view\develop\index.html [ array (
) ]
[ info ] [ LOG ] INIT File
---------------------------------------------------------------
[ 2017-10-20T09:26:41+08:00 ] ::1 ::1 GET /lezhu_pc/2/lezhuPCserver/public/index/productintro/index.html
[ info ] localhost:88/lezhu_pc/2/lezhuPCserver/public/index/productintro/index.html [运行时间：0.077005s][吞吐率：12.99req/s] [内存消耗：3,151.98kb] [文件加载：46]
[ info ] [ LANG ] E:\Tools\wampserver3.0.6\program\wamp64\www\lezhu_pc\2\lezhuPCserver\thinkphp\lang\zh-cn.php
[ info ] [ ROUTE ] array (
  'type' => 'module',
  'module' => 
  array (
    0 => 'index',
    1 => 'productintro',
    2 => 'index',
  ),
)
[ info ] [ HEADER ] array (
  'host' => 'localhost:88',
  'connection' => 'keep-alive',
  'upgrade-insecure-requests' => '1',
  'user-agent' => 'Mozilla/5.0 (Windows NT 6.1; WOW64) AppleWebKit/537.36 (KHTML, like Gecko) Chrome/59.0.3071.115 Safari/537.36',
  'accept' => 'text/html,application/xhtml+xml,application/xml;q=0.9,image/webp,image/apng,*/*;q=0.8',
  'referer' => 'http://localhost:88/lezhu_pc/2/lezhuPCserver/public/index/develop/index.html',
  'accept-encoding' => 'gzip, deflate, br',
  'accept-language' => 'zh-CN,zh;q=0.8',
  'cookie' => 'PHPSESSID=g1kotl2ifqqak0rvma6an7nml6',
)
[ info ] [ PARAM ] array (
)
[ info ] [ RUN ] app\index\controller\Productintro->index[ E:\Tools\wampserver3.0.6\program\wamp64\www\lezhu_pc\2\lezhuPCserver\application\index\controller\Productintro.php ]
[ info ] [ VIEW ] E:\Tools\wampserver3.0.6\program\wamp64\www\lezhu_pc\2\lezhuPCserver\public/../application/index\view\productintro\index.html [ array (
) ]
[ info ] [ LOG ] INIT File
---------------------------------------------------------------
[ 2017-10-20T09:26:48+08:00 ] ::1 ::1 GET /lezhu_pc/2/lezhuPCserver/public/index/develop/index.html
[ info ] localhost:88/lezhu_pc/2/lezhuPCserver/public/index/develop/index.html [运行时间：0.065003s][吞吐率：15.38req/s] [内存消耗：3,136.05kb] [文件加载：46]
[ info ] [ LANG ] E:\Tools\wampserver3.0.6\program\wamp64\www\lezhu_pc\2\lezhuPCserver\thinkphp\lang\zh-cn.php
[ info ] [ ROUTE ] array (
  'type' => 'module',
  'module' => 
  array (
    0 => 'index',
    1 => 'develop',
    2 => 'index',
  ),
)
[ info ] [ HEADER ] array (
  'host' => 'localhost:88',
  'connection' => 'keep-alive',
  'upgrade-insecure-requests' => '1',
  'user-agent' => 'Mozilla/5.0 (Windows NT 6.1; WOW64) AppleWebKit/537.36 (KHTML, like Gecko) Chrome/59.0.3071.115 Safari/537.36',
  'accept' => 'text/html,application/xhtml+xml,application/xml;q=0.9,image/webp,image/apng,*/*;q=0.8',
  'referer' => 'http://localhost:88/lezhu_pc/2/lezhuPCserver/public/index/productintro/index.html',
  'accept-encoding' => 'gzip, deflate, br',
  'accept-language' => 'zh-CN,zh;q=0.8',
  'cookie' => 'PHPSESSID=g1kotl2ifqqak0rvma6an7nml6',
)
[ info ] [ PARAM ] array (
)
[ info ] [ RUN ] app\index\controller\Develop->index[ E:\Tools\wampserver3.0.6\program\wamp64\www\lezhu_pc\2\lezhuPCserver\application\index\controller\Develop.php ]
[ info ] [ VIEW ] E:\Tools\wampserver3.0.6\program\wamp64\www\lezhu_pc\2\lezhuPCserver\public/../application/index\view\develop\index.html [ array (
) ]
[ info ] [ LOG ] INIT File
---------------------------------------------------------------
[ 2017-10-20T09:31:40+08:00 ] ::1 ::1 GET /lezhu_pc/2/lezhuPCserver/public/index/cityopration/index.html
[ info ] localhost:88/lezhu_pc/2/lezhuPCserver/public/index/cityopration/index.html [运行时间：0.073005s][吞吐率：13.70req/s] [内存消耗：3,159.98kb] [文件加载：46]
[ info ] [ LANG ] E:\Tools\wampserver3.0.6\program\wamp64\www\lezhu_pc\2\lezhuPCserver\thinkphp\lang\zh-cn.php
[ info ] [ ROUTE ] array (
  'type' => 'module',
  'module' => 
  array (
    0 => 'index',
    1 => 'cityopration',
    2 => 'index',
  ),
)
[ info ] [ HEADER ] array (
  'host' => 'localhost:88',
  'connection' => 'keep-alive',
  'upgrade-insecure-requests' => '1',
  'user-agent' => 'Mozilla/5.0 (Windows NT 6.1; WOW64) AppleWebKit/537.36 (KHTML, like Gecko) Chrome/59.0.3071.115 Safari/537.36',
  'accept' => 'text/html,application/xhtml+xml,application/xml;q=0.9,image/webp,image/apng,*/*;q=0.8',
  'referer' => 'http://localhost:88/lezhu_pc/2/lezhuPCserver/public/index/develop/index.html',
  'accept-encoding' => 'gzip, deflate, br',
  'accept-language' => 'zh-CN,zh;q=0.8',
  'cookie' => 'PHPSESSID=g1kotl2ifqqak0rvma6an7nml6',
)
[ info ] [ PARAM ] array (
)
[ info ] [ RUN ] app\index\controller\Cityopration->index[ E:\Tools\wampserver3.0.6\program\wamp64\www\lezhu_pc\2\lezhuPCserver\application\index\controller\Cityopration.php ]
[ info ] [ VIEW ] E:\Tools\wampserver3.0.6\program\wamp64\www\lezhu_pc\2\lezhuPCserver\public/../application/index\view\cityopration\index.html [ array (
) ]
[ info ] [ LOG ] INIT File
---------------------------------------------------------------
[ 2017-10-20T09:31:43+08:00 ] ::1 ::1 GET /lezhu_pc/2/lezhuPCserver/public/index/property/index.html
[ info ] localhost:88/lezhu_pc/2/lezhuPCserver/public/index/property/index.html [运行时间：0.073004s][吞吐率：13.70req/s] [内存消耗：3,136.13kb] [文件加载：46]
[ info ] [ LANG ] E:\Tools\wampserver3.0.6\program\wamp64\www\lezhu_pc\2\lezhuPCserver\thinkphp\lang\zh-cn.php
[ info ] [ ROUTE ] array (
  'type' => 'module',
  'module' => 
  array (
    0 => 'index',
    1 => 'property',
    2 => 'index',
  ),
)
[ info ] [ HEADER ] array (
  'host' => 'localhost:88',
  'connection' => 'keep-alive',
  'upgrade-insecure-requests' => '1',
  'user-agent' => 'Mozilla/5.0 (Windows NT 6.1; WOW64) AppleWebKit/537.36 (KHTML, like Gecko) Chrome/59.0.3071.115 Safari/537.36',
  'accept' => 'text/html,application/xhtml+xml,application/xml;q=0.9,image/webp,image/apng,*/*;q=0.8',
  'referer' => 'http://localhost:88/lezhu_pc/2/lezhuPCserver/public/index/cityopration/index.html',
  'accept-encoding' => 'gzip, deflate, br',
  'accept-language' => 'zh-CN,zh;q=0.8',
  'cookie' => 'PHPSESSID=g1kotl2ifqqak0rvma6an7nml6',
)
[ info ] [ PARAM ] array (
)
[ info ] [ RUN ] app\index\controller\Property->index[ E:\Tools\wampserver3.0.6\program\wamp64\www\lezhu_pc\2\lezhuPCserver\application\index\controller\Property.php ]
[ info ] [ VIEW ] E:\Tools\wampserver3.0.6\program\wamp64\www\lezhu_pc\2\lezhuPCserver\public/../application/index\view\property\index.html [ array (
) ]
[ info ] [ LOG ] INIT File
---------------------------------------------------------------
[ 2017-10-20T09:31:51+08:00 ] ::1 ::1 GET /lezhu_pc/2/lezhuPCserver/public/index/getapp/index.html
[ info ] localhost:88/lezhu_pc/2/lezhuPCserver/public/index/getapp/index.html [运行时间：0.055003s][吞吐率：18.18req/s] [内存消耗：3,136.16kb] [文件加载：46]
[ info ] [ LANG ] E:\Tools\wampserver3.0.6\program\wamp64\www\lezhu_pc\2\lezhuPCserver\thinkphp\lang\zh-cn.php
[ info ] [ ROUTE ] array (
  'type' => 'module',
  'module' => 
  array (
    0 => 'index',
    1 => 'getapp',
    2 => 'index',
  ),
)
[ info ] [ HEADER ] array (
  'host' => 'localhost:88',
  'connection' => 'keep-alive',
  'upgrade-insecure-requests' => '1',
  'user-agent' => 'Mozilla/5.0 (Windows NT 6.1; WOW64) AppleWebKit/537.36 (KHTML, like Gecko) Chrome/59.0.3071.115 Safari/537.36',
  'accept' => 'text/html,application/xhtml+xml,application/xml;q=0.9,image/webp,image/apng,*/*;q=0.8',
  'referer' => 'http://localhost:88/lezhu_pc/2/lezhuPCserver/public/index/property/index.html',
  'accept-encoding' => 'gzip, deflate, br',
  'accept-language' => 'zh-CN,zh;q=0.8',
  'cookie' => 'PHPSESSID=g1kotl2ifqqak0rvma6an7nml6',
)
[ info ] [ PARAM ] array (
)
[ info ] [ RUN ] app\index\controller\Getapp->index[ E:\Tools\wampserver3.0.6\program\wamp64\www\lezhu_pc\2\lezhuPCserver\application\index\controller\Getapp.php ]
[ info ] [ VIEW ] E:\Tools\wampserver3.0.6\program\wamp64\www\lezhu_pc\2\lezhuPCserver\public/../application/index\view\getapp\index.html [ array (
) ]
[ info ] [ LOG ] INIT File
---------------------------------------------------------------
[ 2017-10-20T09:37:01+08:00 ] ::1 ::1 GET /lezhu_pc/2/lezhuPCserver/public/index/newslist/index.html
[ info ] localhost:88/lezhu_pc/2/lezhuPCserver/public/index/newslist/index.html [运行时间：0.072004s][吞吐率：13.89req/s] [内存消耗：3,136.06kb] [文件加载：46]
[ info ] [ LANG ] E:\Tools\wampserver3.0.6\program\wamp64\www\lezhu_pc\2\lezhuPCserver\thinkphp\lang\zh-cn.php
[ info ] [ ROUTE ] array (
  'type' => 'module',
  'module' => 
  array (
    0 => 'index',
    1 => 'newslist',
    2 => 'index',
  ),
)
[ info ] [ HEADER ] array (
  'host' => 'localhost:88',
  'connection' => 'keep-alive',
  'upgrade-insecure-requests' => '1',
  'user-agent' => 'Mozilla/5.0 (Windows NT 6.1; WOW64) AppleWebKit/537.36 (KHTML, like Gecko) Chrome/59.0.3071.115 Safari/537.36',
  'accept' => 'text/html,application/xhtml+xml,application/xml;q=0.9,image/webp,image/apng,*/*;q=0.8',
  'referer' => 'http://localhost:88/lezhu_pc/2/lezhuPCserver/public/index/getapp/index.html',
  'accept-encoding' => 'gzip, deflate, br',
  'accept-language' => 'zh-CN,zh;q=0.8',
  'cookie' => 'PHPSESSID=g1kotl2ifqqak0rvma6an7nml6',
)
[ info ] [ PARAM ] array (
)
[ info ] [ RUN ] app\index\controller\Newslist->index[ E:\Tools\wampserver3.0.6\program\wamp64\www\lezhu_pc\2\lezhuPCserver\application\index\controller\Newslist.php ]
[ info ] [ VIEW ] E:\Tools\wampserver3.0.6\program\wamp64\www\lezhu_pc\2\lezhuPCserver\public/../application/index\view\newslist\index.html [ array (
) ]
[ info ] [ LOG ] INIT File
---------------------------------------------------------------
[ 2017-10-20T09:40:54+08:00 ] ::1 ::1 GET /lezhu_pc/2/lezhuPCserver/public/index/develop/index.html
[ info ] localhost:88/lezhu_pc/2/lezhuPCserver/public/index/develop/index.html [运行时间：0.090005s][吞吐率：11.11req/s] [内存消耗：3,136.03kb] [文件加载：46]
[ info ] [ LANG ] E:\Tools\wampserver3.0.6\program\wamp64\www\lezhu_pc\2\lezhuPCserver\thinkphp\lang\zh-cn.php
[ info ] [ ROUTE ] array (
  'type' => 'module',
  'module' => 
  array (
    0 => 'index',
    1 => 'develop',
    2 => 'index',
  ),
)
[ info ] [ HEADER ] array (
  'host' => 'localhost:88',
  'connection' => 'keep-alive',
  'upgrade-insecure-requests' => '1',
  'user-agent' => 'Mozilla/5.0 (Windows NT 6.1; WOW64) AppleWebKit/537.36 (KHTML, like Gecko) Chrome/59.0.3071.115 Safari/537.36',
  'accept' => 'text/html,application/xhtml+xml,application/xml;q=0.9,image/webp,image/apng,*/*;q=0.8',
  'referer' => 'http://localhost:88/lezhu_pc/2/lezhuPCserver/public/index/getapp/index.html',
  'accept-encoding' => 'gzip, deflate, br',
  'accept-language' => 'zh-CN,zh;q=0.8',
  'cookie' => 'PHPSESSID=g1kotl2ifqqak0rvma6an7nml6',
)
[ info ] [ PARAM ] array (
)
[ info ] [ RUN ] app\index\controller\Develop->index[ E:\Tools\wampserver3.0.6\program\wamp64\www\lezhu_pc\2\lezhuPCserver\application\index\controller\Develop.php ]
[ info ] [ VIEW ] E:\Tools\wampserver3.0.6\program\wamp64\www\lezhu_pc\2\lezhuPCserver\public/../application/index\view\develop\index.html [ array (
) ]
[ info ] [ LOG ] INIT File
---------------------------------------------------------------
[ 2017-10-20T09:41:59+08:00 ] ::1 ::1 GET /lezhu_pc/2/lezhuPCserver/public/index/develop/index.html
[ info ] localhost:88/lezhu_pc/2/lezhuPCserver/public/index/develop/index.html [运行时间：0.124007s][吞吐率：8.06req/s] [内存消耗：3,136.42kb] [文件加载：46]
[ info ] [ LANG ] E:\Tools\wampserver3.0.6\program\wamp64\www\lezhu_pc\2\lezhuPCserver\thinkphp\lang\zh-cn.php
[ info ] [ ROUTE ] array (
  'type' => 'module',
  'module' => 
  array (
    0 => 'index',
    1 => 'develop',
    2 => 'index',
  ),
)
[ info ] [ HEADER ] array (
  'host' => 'localhost:88',
  'connection' => 'keep-alive',
  'cache-control' => 'max-age=0',
  'upgrade-insecure-requests' => '1',
  'user-agent' => 'Mozilla/5.0 (Windows NT 6.1; WOW64) AppleWebKit/537.36 (KHTML, like Gecko) Chrome/59.0.3071.115 Safari/537.36',
  'accept' => 'text/html,application/xhtml+xml,application/xml;q=0.9,image/webp,image/apng,*/*;q=0.8',
  'referer' => 'http://localhost:88/lezhu_pc/2/lezhuPCserver/public/index/getapp/index.html',
  'accept-encoding' => 'gzip, deflate, br',
  'accept-language' => 'zh-CN,zh;q=0.8',
  'cookie' => 'PHPSESSID=g1kotl2ifqqak0rvma6an7nml6',
)
[ info ] [ PARAM ] array (
)
[ info ] [ RUN ] app\index\controller\Develop->index[ E:\Tools\wampserver3.0.6\program\wamp64\www\lezhu_pc\2\lezhuPCserver\application\index\controller\Develop.php ]
[ info ] [ VIEW ] E:\Tools\wampserver3.0.6\program\wamp64\www\lezhu_pc\2\lezhuPCserver\public/../application/index\view\develop\index.html [ array (
) ]
[ info ] [ LOG ] INIT File
---------------------------------------------------------------
[ 2017-10-20T09:42:40+08:00 ] ::1 ::1 GET /lezhu_pc/2/lezhuPCserver/public/index/develop/index.html
[ info ] localhost:88/lezhu_pc/2/lezhuPCserver/public/index/develop/index.html [运行时间：0.116007s][吞吐率：8.62req/s] [内存消耗：3,400.43kb] [文件加载：48]
[ info ] [ LANG ] E:\Tools\wampserver3.0.6\program\wamp64\www\lezhu_pc\2\lezhuPCserver\thinkphp\lang\zh-cn.php
[ info ] [ ROUTE ] array (
  'type' => 'module',
  'module' => 
  array (
    0 => 'index',
    1 => 'develop',
    2 => 'index',
  ),
)
[ info ] [ HEADER ] array (
  'host' => 'localhost:88',
  'connection' => 'keep-alive',
  'cache-control' => 'max-age=0',
  'upgrade-insecure-requests' => '1',
  'user-agent' => 'Mozilla/5.0 (Windows NT 6.1; WOW64) AppleWebKit/537.36 (KHTML, like Gecko) Chrome/59.0.3071.115 Safari/537.36',
  'accept' => 'text/html,application/xhtml+xml,application/xml;q=0.9,image/webp,image/apng,*/*;q=0.8',
  'referer' => 'http://localhost:88/lezhu_pc/2/lezhuPCserver/public/index/getapp/index.html',
  'accept-encoding' => 'gzip, deflate, br',
  'accept-language' => 'zh-CN,zh;q=0.8',
  'cookie' => 'PHPSESSID=g1kotl2ifqqak0rvma6an7nml6',
)
[ info ] [ PARAM ] array (
)
[ info ] [ RUN ] app\index\controller\Develop->index[ E:\Tools\wampserver3.0.6\program\wamp64\www\lezhu_pc\2\lezhuPCserver\application\index\controller\Develop.php ]
[ info ] [ VIEW ] E:\Tools\wampserver3.0.6\program\wamp64\www\lezhu_pc\2\lezhuPCserver\public/../application/index\view\develop\index.html [ array (
) ]
[ info ] [ LOG ] INIT File
---------------------------------------------------------------
[ 2017-10-20T09:42:52+08:00 ] ::1 ::1 GET /lezhu_pc/2/lezhuPCserver/public/index/companyintro/index.html
[ info ] localhost:88/lezhu_pc/2/lezhuPCserver/public/index/companyintro/index.html [运行时间：0.116006s][吞吐率：8.62req/s] [内存消耗：3,136.04kb] [文件加载：46]
[ info ] [ LANG ] E:\Tools\wampserver3.0.6\program\wamp64\www\lezhu_pc\2\lezhuPCserver\thinkphp\lang\zh-cn.php
[ info ] [ ROUTE ] array (
  'type' => 'module',
  'module' => 
  array (
    0 => 'index',
    1 => 'companyintro',
    2 => 'index',
  ),
)
[ info ] [ HEADER ] array (
  'host' => 'localhost:88',
  'connection' => 'keep-alive',
  'upgrade-insecure-requests' => '1',
  'user-agent' => 'Mozilla/5.0 (Windows NT 6.1; WOW64) AppleWebKit/537.36 (KHTML, like Gecko) Chrome/59.0.3071.115 Safari/537.36',
  'accept' => 'text/html,application/xhtml+xml,application/xml;q=0.9,image/webp,image/apng,*/*;q=0.8',
  'referer' => 'http://localhost:88/lezhu_pc/2/lezhuPCserver/public/index/develop/index.html',
  'accept-encoding' => 'gzip, deflate, br',
  'accept-language' => 'zh-CN,zh;q=0.8',
  'cookie' => 'PHPSESSID=g1kotl2ifqqak0rvma6an7nml6',
)
[ info ] [ PARAM ] array (
)
[ info ] [ RUN ] app\index\controller\Companyintro->index[ E:\Tools\wampserver3.0.6\program\wamp64\www\lezhu_pc\2\lezhuPCserver\application\index\controller\Companyintro.php ]
[ info ] [ VIEW ] E:\Tools\wampserver3.0.6\program\wamp64\www\lezhu_pc\2\lezhuPCserver\public/../application/index\view\companyintro\index.html [ array (
) ]
[ info ] [ LOG ] INIT File
---------------------------------------------------------------
[ 2017-10-20T09:43:03+08:00 ] ::1 ::1 GET /lezhu_pc/2/lezhuPCserver/public/index/companyintro/index.html
[ info ] localhost:88/lezhu_pc/2/lezhuPCserver/public/index/companyintro/index.html [运行时间：0.126007s][吞吐率：7.94req/s] [内存消耗：3,136.02kb] [文件加载：46]
[ info ] [ LANG ] E:\Tools\wampserver3.0.6\program\wamp64\www\lezhu_pc\2\lezhuPCserver\thinkphp\lang\zh-cn.php
[ info ] [ ROUTE ] array (
  'type' => 'module',
  'module' => 
  array (
    0 => 'index',
    1 => 'companyintro',
    2 => 'index',
  ),
)
[ info ] [ HEADER ] array (
  'host' => 'localhost:88',
  'connection' => 'keep-alive',
  'upgrade-insecure-requests' => '1',
  'user-agent' => 'Mozilla/5.0 (Windows NT 6.1; WOW64) AppleWebKit/537.36 (KHTML, like Gecko) Chrome/59.0.3071.115 Safari/537.36',
  'accept' => 'text/html,application/xhtml+xml,application/xml;q=0.9,image/webp,image/apng,*/*;q=0.8',
  'referer' => 'http://localhost:88/lezhu_pc/2/lezhuPCserver/public/index/companyintro/index.html',
  'accept-encoding' => 'gzip, deflate, br',
  'accept-language' => 'zh-CN,zh;q=0.8',
  'cookie' => 'PHPSESSID=g1kotl2ifqqak0rvma6an7nml6',
)
[ info ] [ PARAM ] array (
)
[ info ] [ RUN ] app\index\controller\Companyintro->index[ E:\Tools\wampserver3.0.6\program\wamp64\www\lezhu_pc\2\lezhuPCserver\application\index\controller\Companyintro.php ]
[ info ] [ VIEW ] E:\Tools\wampserver3.0.6\program\wamp64\www\lezhu_pc\2\lezhuPCserver\public/../application/index\view\companyintro\index.html [ array (
) ]
[ info ] [ LOG ] INIT File
---------------------------------------------------------------
[ 2017-10-20T09:43:05+08:00 ] ::1 ::1 GET /lezhu_pc/2/lezhuPCserver/public/index/newslist/index.html
[ info ] localhost:88/lezhu_pc/2/lezhuPCserver/public/index/newslist/index.html [运行时间：0.072004s][吞吐率：13.89req/s] [内存消耗：3,136.13kb] [文件加载：46]
[ info ] [ LANG ] E:\Tools\wampserver3.0.6\program\wamp64\www\lezhu_pc\2\lezhuPCserver\thinkphp\lang\zh-cn.php
[ info ] [ ROUTE ] array (
  'type' => 'module',
  'module' => 
  array (
    0 => 'index',
    1 => 'newslist',
    2 => 'index',
  ),
)
[ info ] [ HEADER ] array (
  'host' => 'localhost:88',
  'connection' => 'keep-alive',
  'upgrade-insecure-requests' => '1',
  'user-agent' => 'Mozilla/5.0 (Windows NT 6.1; WOW64) AppleWebKit/537.36 (KHTML, like Gecko) Chrome/59.0.3071.115 Safari/537.36',
  'accept' => 'text/html,application/xhtml+xml,application/xml;q=0.9,image/webp,image/apng,*/*;q=0.8',
  'referer' => 'http://localhost:88/lezhu_pc/2/lezhuPCserver/public/index/companyintro/index.html',
  'accept-encoding' => 'gzip, deflate, br',
  'accept-language' => 'zh-CN,zh;q=0.8',
  'cookie' => 'PHPSESSID=g1kotl2ifqqak0rvma6an7nml6',
)
[ info ] [ PARAM ] array (
)
[ info ] [ RUN ] app\index\controller\Newslist->index[ E:\Tools\wampserver3.0.6\program\wamp64\www\lezhu_pc\2\lezhuPCserver\application\index\controller\Newslist.php ]
[ info ] [ VIEW ] E:\Tools\wampserver3.0.6\program\wamp64\www\lezhu_pc\2\lezhuPCserver\public/../application/index\view\newslist\index.html [ array (
) ]
[ info ] [ LOG ] INIT File
---------------------------------------------------------------
[ 2017-10-20T09:48:48+08:00 ] ::1 ::1 GET /lezhu_pc/2/lezhuPCserver/public/index/connectus/index.html
[ info ] localhost:88/lezhu_pc/2/lezhuPCserver/public/index/connectus/index.html [运行时间：0.099005s][吞吐率：10.10req/s] [内存消耗：3,136.06kb] [文件加载：46]
[ info ] [ LANG ] E:\Tools\wampserver3.0.6\program\wamp64\www\lezhu_pc\2\lezhuPCserver\thinkphp\lang\zh-cn.php
[ info ] [ ROUTE ] array (
  'type' => 'module',
  'module' => 
  array (
    0 => 'index',
    1 => 'connectus',
    2 => 'index',
  ),
)
[ info ] [ HEADER ] array (
  'host' => 'localhost:88',
  'connection' => 'keep-alive',
  'upgrade-insecure-requests' => '1',
  'user-agent' => 'Mozilla/5.0 (Windows NT 6.1; WOW64) AppleWebKit/537.36 (KHTML, like Gecko) Chrome/59.0.3071.115 Safari/537.36',
  'accept' => 'text/html,application/xhtml+xml,application/xml;q=0.9,image/webp,image/apng,*/*;q=0.8',
  'referer' => 'http://localhost:88/lezhu_pc/2/lezhuPCserver/public/index/newslist/index.html',
  'accept-encoding' => 'gzip, deflate, br',
  'accept-language' => 'zh-CN,zh;q=0.8',
  'cookie' => 'PHPSESSID=g1kotl2ifqqak0rvma6an7nml6',
)
[ info ] [ PARAM ] array (
)
[ info ] [ RUN ] app\index\controller\Connectus->index[ E:\Tools\wampserver3.0.6\program\wamp64\www\lezhu_pc\2\lezhuPCserver\application\index\controller\Connectus.php ]
[ info ] [ VIEW ] E:\Tools\wampserver3.0.6\program\wamp64\www\lezhu_pc\2\lezhuPCserver\public/../application/index\view\connectus\index.html [ array (
) ]
[ info ] [ LOG ] INIT File
---------------------------------------------------------------
[ 2017-10-20T09:48:54+08:00 ] ::1 ::1 GET /lezhu_pc/2/lezhuPCserver/public/index/getapp/index.html
[ info ] localhost:88/lezhu_pc/2/lezhuPCserver/public/index/getapp/index.html [运行时间：0.081005s][吞吐率：12.34req/s] [内存消耗：3,136.17kb] [文件加载：46]
[ info ] [ LANG ] E:\Tools\wampserver3.0.6\program\wamp64\www\lezhu_pc\2\lezhuPCserver\thinkphp\lang\zh-cn.php
[ info ] [ ROUTE ] array (
  'type' => 'module',
  'module' => 
  array (
    0 => 'index',
    1 => 'getapp',
    2 => 'index',
  ),
)
[ info ] [ HEADER ] array (
  'host' => 'localhost:88',
  'connection' => 'keep-alive',
  'upgrade-insecure-requests' => '1',
  'user-agent' => 'Mozilla/5.0 (Windows NT 6.1; WOW64) AppleWebKit/537.36 (KHTML, like Gecko) Chrome/59.0.3071.115 Safari/537.36',
  'accept' => 'text/html,application/xhtml+xml,application/xml;q=0.9,image/webp,image/apng,*/*;q=0.8',
  'referer' => 'http://localhost:88/lezhu_pc/2/lezhuPCserver/public/index/connectus/index.html',
  'accept-encoding' => 'gzip, deflate, br',
  'accept-language' => 'zh-CN,zh;q=0.8',
  'cookie' => 'PHPSESSID=g1kotl2ifqqak0rvma6an7nml6',
)
[ info ] [ PARAM ] array (
)
[ info ] [ RUN ] app\index\controller\Getapp->index[ E:\Tools\wampserver3.0.6\program\wamp64\www\lezhu_pc\2\lezhuPCserver\application\index\controller\Getapp.php ]
[ info ] [ VIEW ] E:\Tools\wampserver3.0.6\program\wamp64\www\lezhu_pc\2\lezhuPCserver\public/../application/index\view\getapp\index.html [ array (
) ]
[ info ] [ LOG ] INIT File
---------------------------------------------------------------
[ 2017-10-20T09:50:02+08:00 ] ::1 ::1 GET /lezhu_pc/2/lezhuPCserver/public/index/productintro/index.html
[ info ] localhost:88/lezhu_pc/2/lezhuPCserver/public/index/productintro/index.html [运行时间：0.079004s][吞吐率：12.66req/s] [内存消耗：3,151.98kb] [文件加载：46]
[ info ] [ LANG ] E:\Tools\wampserver3.0.6\program\wamp64\www\lezhu_pc\2\lezhuPCserver\thinkphp\lang\zh-cn.php
[ info ] [ ROUTE ] array (
  'type' => 'module',
  'module' => 
  array (
    0 => 'index',
    1 => 'productintro',
    2 => 'index',
  ),
)
[ info ] [ HEADER ] array (
  'host' => 'localhost:88',
  'connection' => 'keep-alive',
  'upgrade-insecure-requests' => '1',
  'user-agent' => 'Mozilla/5.0 (Windows NT 6.1; WOW64) AppleWebKit/537.36 (KHTML, like Gecko) Chrome/59.0.3071.115 Safari/537.36',
  'accept' => 'text/html,application/xhtml+xml,application/xml;q=0.9,image/webp,image/apng,*/*;q=0.8',
  'referer' => 'http://localhost:88/lezhu_pc/2/lezhuPCserver/public/index/getapp/index.html',
  'accept-encoding' => 'gzip, deflate, br',
  'accept-language' => 'zh-CN,zh;q=0.8',
  'cookie' => 'PHPSESSID=g1kotl2ifqqak0rvma6an7nml6',
)
[ info ] [ PARAM ] array (
)
[ info ] [ RUN ] app\index\controller\Productintro->index[ E:\Tools\wampserver3.0.6\program\wamp64\www\lezhu_pc\2\lezhuPCserver\application\index\controller\Productintro.php ]
[ info ] [ VIEW ] E:\Tools\wampserver3.0.6\program\wamp64\www\lezhu_pc\2\lezhuPCserver\public/../application/index\view\productintro\index.html [ array (
) ]
[ info ] [ LOG ] INIT File
---------------------------------------------------------------
[ 2017-10-20T09:50:07+08:00 ] ::1 ::1 GET /lezhu_pc/2/lezhuPCserver/public/index/cityopration/index.html
[ info ] localhost:88/lezhu_pc/2/lezhuPCserver/public/index/cityopration/index.html [运行时间：0.123007s][吞吐率：8.13req/s] [内存消耗：3,159.97kb] [文件加载：46]
[ info ] [ LANG ] E:\Tools\wampserver3.0.6\program\wamp64\www\lezhu_pc\2\lezhuPCserver\thinkphp\lang\zh-cn.php
[ info ] [ ROUTE ] array (
  'type' => 'module',
  'module' => 
  array (
    0 => 'index',
    1 => 'cityopration',
    2 => 'index',
  ),
)
[ info ] [ HEADER ] array (
  'host' => 'localhost:88',
  'connection' => 'keep-alive',
  'upgrade-insecure-requests' => '1',
  'user-agent' => 'Mozilla/5.0 (Windows NT 6.1; WOW64) AppleWebKit/537.36 (KHTML, like Gecko) Chrome/59.0.3071.115 Safari/537.36',
  'accept' => 'text/html,application/xhtml+xml,application/xml;q=0.9,image/webp,image/apng,*/*;q=0.8',
  'referer' => 'http://localhost:88/lezhu_pc/2/lezhuPCserver/public/index/productintro/index.html',
  'accept-encoding' => 'gzip, deflate, br',
  'accept-language' => 'zh-CN,zh;q=0.8',
  'cookie' => 'PHPSESSID=g1kotl2ifqqak0rvma6an7nml6',
)
[ info ] [ PARAM ] array (
)
[ info ] [ RUN ] app\index\controller\Cityopration->index[ E:\Tools\wampserver3.0.6\program\wamp64\www\lezhu_pc\2\lezhuPCserver\application\index\controller\Cityopration.php ]
[ info ] [ VIEW ] E:\Tools\wampserver3.0.6\program\wamp64\www\lezhu_pc\2\lezhuPCserver\public/../application/index\view\cityopration\index.html [ array (
) ]
[ info ] [ LOG ] INIT File
